Small test for 1 words
Running 10000 tests with 1 words for 0xA1102000
write statistics: min: 13481.0[ns], max: 64437.0[ns], mean 14092.9[ns], median 13952.0[ns], deviation: 2063.9[ns]
[000] = (13481[ns]  - 13581[ns]) 5954 values	******************************************************************************************************************************************************
[001] = (13581[ns]  - 13681[ns]) 3663 values	********************************************************************************************
[002] = (13681[ns]  - 13781[ns]) 0148 values	***
[003] = (13781[ns]  - 13881[ns]) 0097 values	**
[004] = (13881[ns]  - 13981[ns]) 0100 values	**
read statistics: min: 25323.0[ns], max: 111671.0[ns], mean 26079.8[ns], median 25942.0[ns], deviation: 2535.2[ns]
[000] = (25323[ns]  - 25423[ns]) 9018 values	******************************************************************************************************************************************************
[001] = (25423[ns]  - 25523[ns]) 0914 values	***************
read and write statistics: min: 39034.0[ns], max: 125802.0[ns], mean 40172.6[ns], median 39894.0[ns], deviation: 3318.8[ns]
[000] = (39034[ns]  - 39134[ns]) 5147 values	******************************************************************************************************************************************************
[001] = (39134[ns]  - 39234[ns]) 4450 values	*********************************************************************************************************************************
[002] = (39234[ns]  - 39334[ns]) 0199 values	*****
[003] = (39334[ns]  - 39434[ns]) 0116 values	***
Big test for 100 words
Running 10000 tests with 100 words for 0xA1102000
write statistics: min: 331293.0[ns], max: 397100.0[ns], mean 336537.0[ns], median 335373.0[ns], deviation: 3190.9[ns]
[004] = (331693[ns]  - 331793[ns]) 0060 values	**
[005] = (331793[ns]  - 331893[ns]) 3988 values	******************************************************************************************************************************************************
[006] = (331893[ns]  - 331993[ns]) 2319 values	***************************************************************************************
[007] = (331993[ns]  - 332093[ns]) 1080 values	****************************************
[008] = (332093[ns]  - 332193[ns]) 0862 values	********************************
[009] = (332193[ns]  - 332293[ns]) 0400 values	***************
[010] = (332293[ns]  - 332393[ns]) 0143 values	*****
[011] = (332393[ns]  - 332493[ns]) 0126 values	****
[012] = (332493[ns]  - 332593[ns]) 0074 values	**
[013] = (332593[ns]  - 332693[ns]) 0052 values	*
[015] = (332793[ns]  - 332893[ns]) 0045 values	*
[017] = (332993[ns]  - 333093[ns]) 0030 values	*
[018] = (333093[ns]  - 333193[ns]) 0133 values	*****
[019] = (333193[ns]  - 333293[ns]) 0042 values	*
[020] = (333293[ns]  - 333393[ns]) 0069 values	**
[021] = (333393[ns]  - 333493[ns]) 0126 values	****
[022] = (333493[ns]  - 333593[ns]) 0123 values	****
[023] = (333593[ns]  - 333693[ns]) 0059 values	**
[024] = (333693[ns]  - 333793[ns]) 0060 values	**
[025] = (333793[ns]  - 333893[ns]) 0039 values	*
read statistics: min: 1399179.0[ns], max: 1512001.0[ns], mean 1415708.4[ns], median 1415652.0[ns], deviation: 7885.6[ns]
[000] = (1399179[ns]  - 1399279[ns]) 0074 values	*************
[001] = (1399279[ns]  - 1399379[ns]) 0112 values	********************
[002] = (1399379[ns]  - 1399479[ns]) 0142 values	*************************
[003] = (1399479[ns]  - 1399579[ns]) 0182 values	********************************
[004] = (1399579[ns]  - 1399679[ns]) 0282 values	**************************************************
[005] = (1399679[ns]  - 1399779[ns]) 0328 values	**********************************************************
[006] = (1399779[ns]  - 1399879[ns]) 0396 values	***********************************************************************
[007] = (1399879[ns]  - 1399979[ns]) 0305 values	******************************************************
[008] = (1399979[ns]  - 1400079[ns]) 0305 values	******************************************************
[009] = (1400079[ns]  - 1400179[ns]) 0351 values	**************************************************************
[010] = (1400179[ns]  - 1400279[ns]) 0514 values	********************************************************************************************
[011] = (1400279[ns]  - 1400379[ns]) 0588 values	*********************************************************************************************************
[012] = (1400379[ns]  - 1400479[ns]) 0477 values	*************************************************************************************
[013] = (1400479[ns]  - 1400579[ns]) 0517 values	********************************************************************************************
[014] = (1400579[ns]  - 1400679[ns]) 0757 values	***************************************************************************************************************************************
[015] = (1400679[ns]  - 1400779[ns]) 0836 values	******************************************************************************************************************************************************
[016] = (1400779[ns]  - 1400879[ns]) 0594 values	**********************************************************************************************************
[017] = (1400879[ns]  - 1400979[ns]) 0443 values	*******************************************************************************
[018] = (1400979[ns]  - 1401079[ns]) 0330 values	***********************************************************
[019] = (1401079[ns]  - 1401179[ns]) 0307 values	*******************************************************
[020] = (1401179[ns]  - 1401279[ns]) 0324 values	**********************************************************
[021] = (1401279[ns]  - 1401379[ns]) 0356 values	***************************************************************
[022] = (1401379[ns]  - 1401479[ns]) 0305 values	******************************************************
[023] = (1401479[ns]  - 1401579[ns]) 0218 values	***************************************
[024] = (1401579[ns]  - 1401679[ns]) 0217 values	**************************************
[025] = (1401679[ns]  - 1401779[ns]) 0209 values	*************************************
[026] = (1401779[ns]  - 1401879[ns]) 0149 values	**************************
[027] = (1401879[ns]  - 1401979[ns]) 0102 values	******************
[028] = (1401979[ns]  - 1402079[ns]) 0083 values	**************
[029] = (1402079[ns]  - 1402179[ns]) 0073 values	*************
[030] = (1402179[ns]  - 1402279[ns]) 0031 values	*****
[031] = (1402279[ns]  - 1402379[ns]) 0020 values	***
[032] = (1402379[ns]  - 1402479[ns]) 0021 values	***
[033] = (1402479[ns]  - 1402579[ns]) 0007 values	*
[034] = (1402579[ns]  - 1402679[ns]) 0007 values	*
[035] = (1402679[ns]  - 1402779[ns]) 0007 values	*
read and write statistics: min: 1734383.0[ns], max: 1847805.0[ns], mean 1752245.4[ns], median 1751885.0[ns], deviation: 8067.4[ns]
[000] = (1734383[ns]  - 1734483[ns]) 0054 values	**********
[001] = (1734483[ns]  - 1734583[ns]) 0098 values	*******************
[002] = (1734583[ns]  - 1734683[ns]) 0127 values	*************************
[003] = (1734683[ns]  - 1734783[ns]) 0120 values	************************
[004] = (1734783[ns]  - 1734883[ns]) 0165 values	*********************************
[005] = (1734883[ns]  - 1734983[ns]) 0240 values	************************************************
[006] = (1734983[ns]  - 1735083[ns]) 0326 values	******************************************************************
[007] = (1735083[ns]  - 1735183[ns]) 0318 values	****************************************************************
[008] = (1735183[ns]  - 1735283[ns]) 0275 values	*******************************************************
[009] = (1735283[ns]  - 1735383[ns]) 0357 values	************************************************************************
[010] = (1735383[ns]  - 1735483[ns]) 0452 values	*******************************************************************************************
[011] = (1735483[ns]  - 1735583[ns]) 0501 values	*****************************************************************************************************
[012] = (1735583[ns]  - 1735683[ns]) 0453 values	********************************************************************************************
[013] = (1735683[ns]  - 1735783[ns]) 0494 values	****************************************************************************************************
[014] = (1735783[ns]  - 1735883[ns]) 0704 values	***********************************************************************************************************************************************
[015] = (1735883[ns]  - 1735983[ns]) 0737 values	******************************************************************************************************************************************************
[016] = (1735983[ns]  - 1736083[ns]) 0622 values	******************************************************************************************************************************
[017] = (1736083[ns]  - 1736183[ns]) 0513 values	********************************************************************************************************
[018] = (1736183[ns]  - 1736283[ns]) 0353 values	***********************************************************************
[019] = (1736283[ns]  - 1736383[ns]) 0354 values	************************************************************************
[020] = (1736383[ns]  - 1736483[ns]) 0375 values	****************************************************************************
[021] = (1736483[ns]  - 1736583[ns]) 0454 values	********************************************************************************************
[022] = (1736583[ns]  - 1736683[ns]) 0345 values	**********************************************************************
[023] = (1736683[ns]  - 1736783[ns]) 0327 values	******************************************************************
[024] = (1736783[ns]  - 1736883[ns]) 0284 values	*********************************************************
[025] = (1736883[ns]  - 1736983[ns]) 0264 values	*****************************************************
[026] = (1736983[ns]  - 1737083[ns]) 0192 values	***************************************
[027] = (1737083[ns]  - 1737183[ns]) 0137 values	***************************
[028] = (1737183[ns]  - 1737283[ns]) 0114 values	***********************
[029] = (1737283[ns]  - 1737383[ns]) 0076 values	***************
[030] = (1737383[ns]  - 1737483[ns]) 0040 values	********
[031] = (1737483[ns]  - 1737583[ns]) 0041 values	********
[032] = (1737583[ns]  - 1737683[ns]) 0023 values	****
[033] = (1737683[ns]  - 1737783[ns]) 0013 values	**
[034] = (1737783[ns]  - 1737883[ns]) 0008 values	*
[035] = (1737883[ns]  - 1737983[ns]) 0005 values	*
