Small test for 1 words
Running 10000 tests with 1 words for 0xA1010400
write statistics: min: 10801.0[ns], max: 48145.0[ns], mean 14429.4[ns], median 14431.0[ns], deviation: 1197.3[ns]
[002] = (11001[ns]  - 11101[ns]) 0026 values	*
[003] = (11101[ns]  - 11201[ns]) 0058 values	***
[004] = (11201[ns]  - 11301[ns]) 0095 values	****
[005] = (11301[ns]  - 11401[ns]) 0252 values	*************
[006] = (11401[ns]  - 11501[ns]) 0440 values	***********************
[007] = (11501[ns]  - 11601[ns]) 0654 values	**********************************
[008] = (11601[ns]  - 11701[ns]) 1489 values	******************************************************************************
[009] = (11701[ns]  - 11801[ns]) 2858 values	******************************************************************************************************************************************************
[010] = (11801[ns]  - 11901[ns]) 2626 values	*****************************************************************************************************************************************
[011] = (11901[ns]  - 12001[ns]) 0846 values	********************************************
[012] = (12001[ns]  - 12101[ns]) 0164 values	********
[013] = (12101[ns]  - 12201[ns]) 0196 values	**********
[014] = (12201[ns]  - 12301[ns]) 0165 values	********
[015] = (12301[ns]  - 12401[ns]) 0056 values	**
read statistics: min: 17062.0[ns], max: 80248.0[ns], mean 20498.1[ns], median 20382.0[ns], deviation: 1732.4[ns]
[001] = (17162[ns]  - 17262[ns]) 0098 values	***
[002] = (17262[ns]  - 17362[ns]) 0315 values	**********
[003] = (17362[ns]  - 17462[ns]) 0799 values	***************************
[004] = (17462[ns]  - 17562[ns]) 2478 values	*************************************************************************************
[005] = (17562[ns]  - 17662[ns]) 4348 values	******************************************************************************************************************************************************
[006] = (17662[ns]  - 17762[ns]) 0859 values	*****************************
[007] = (17762[ns]  - 17862[ns]) 0608 values	********************
[008] = (17862[ns]  - 17962[ns]) 0347 values	***********
[009] = (17962[ns]  - 18062[ns]) 0034 values	*
read and write statistics: min: 28053.0[ns], max: 95100.0[ns], mean 34927.5[ns], median 34893.0[ns], deviation: 2289.9[ns]
[002] = (28253[ns]  - 28353[ns]) 0032 values	*
[003] = (28353[ns]  - 28453[ns]) 0060 values	***
[004] = (28453[ns]  - 28553[ns]) 0124 values	*******
[005] = (28553[ns]  - 28653[ns]) 0216 values	************
[006] = (28653[ns]  - 28753[ns]) 0352 values	********************
[007] = (28753[ns]  - 28853[ns]) 0480 values	***************************
[008] = (28853[ns]  - 28953[ns]) 1008 values	**********************************************************
[009] = (28953[ns]  - 29053[ns]) 2162 values	****************************************************************************************************************************
[010] = (29053[ns]  - 29153[ns]) 2598 values	******************************************************************************************************************************************************
[011] = (29153[ns]  - 29253[ns]) 1558 values	*****************************************************************************************
[012] = (29253[ns]  - 29353[ns]) 0706 values	****************************************
[013] = (29353[ns]  - 29453[ns]) 0396 values	**********************
[014] = (29453[ns]  - 29553[ns]) 0116 values	******
[015] = (29553[ns]  - 29653[ns]) 0040 values	**
Running 10000 tests with 1 words for 0xA1102000
write statistics: min: 19042.0[ns], max: 96830.0[ns], mean 19870.0[ns], median 19662.0[ns], deviation: 2619.2[ns]
[000] = (19042[ns]  - 19142[ns]) 7794 values	******************************************************************************************************************************************************
[001] = (19142[ns]  - 19242[ns]) 1895 values	************************************
[002] = (19242[ns]  - 19342[ns]) 0133 values	**
[004] = (19442[ns]  - 19542[ns]) 0076 values	*
read statistics: min: 32273.0[ns], max: 128233.0[ns], mean 33301.2[ns], median 33054.0[ns], deviation: 3255.7[ns]
[000] = (32273[ns]  - 32373[ns]) 7797 values	******************************************************************************************************************************************************
[001] = (32373[ns]  - 32473[ns]) 2058 values	***************************************
read and write statistics: min: 51705.0[ns], max: 148105.0[ns], mean 53171.1[ns], median 52725.0[ns], deviation: 4246.9[ns]
[000] = (51705[ns]  - 51805[ns]) 4257 values	*************************************************************************************************************************
[001] = (51805[ns]  - 51905[ns]) 5264 values	******************************************************************************************************************************************************
[002] = (51905[ns]  - 52005[ns]) 0188 values	*****
[003] = (52005[ns]  - 52105[ns]) 0052 values	*
[004] = (52105[ns]  - 52205[ns]) 0086 values	**
[009] = (52605[ns]  - 52705[ns]) 0036 values	*
Big test for 100 words
Running 10000 tests with 100 words for 0xA1010400
write statistics: min: 185499.0[ns], max: 246484.0[ns], mean 188158.2[ns], median 187718.0[ns], deviation: 2285.3[ns]
[000] = (185499[ns]  - 185599[ns]) 0146 values	****
[001] = (185599[ns]  - 185699[ns]) 0505 values	****************
[002] = (185699[ns]  - 185799[ns]) 1449 values	************************************************
[003] = (185799[ns]  - 185899[ns]) 4498 values	******************************************************************************************************************************************************
[004] = (185899[ns]  - 185999[ns]) 2049 values	********************************************************************
[005] = (185999[ns]  - 186099[ns]) 0583 values	*******************
[006] = (186099[ns]  - 186199[ns]) 0227 values	*******
[007] = (186199[ns]  - 186299[ns]) 0048 values	*
[013] = (186799[ns]  - 186899[ns]) 0031 values	*
[014] = (186899[ns]  - 186999[ns]) 0041 values	*
[015] = (186999[ns]  - 187099[ns]) 0041 values	*
[016] = (187099[ns]  - 187199[ns]) 0060 values	**
[017] = (187199[ns]  - 187299[ns]) 0082 values	**
[018] = (187299[ns]  - 187399[ns]) 0070 values	**
[019] = (187399[ns]  - 187499[ns]) 0071 values	**
read statistics: min: 800660.0[ns], max: 898309.0[ns], mean 809115.0[ns], median 808800.0[ns], deviation: 5295.1[ns]
[000] = (800660[ns]  - 800760[ns]) 0143 values	***********
[001] = (800760[ns]  - 800860[ns]) 0663 values	***************************************************
[002] = (800860[ns]  - 800960[ns]) 0904 values	*********************************************************************
[003] = (800960[ns]  - 801060[ns]) 0544 values	******************************************
[004] = (801060[ns]  - 801160[ns]) 0201 values	***************
[005] = (801160[ns]  - 801260[ns]) 0088 values	******
[006] = (801260[ns]  - 801360[ns]) 0249 values	*******************
[007] = (801360[ns]  - 801460[ns]) 1531 values	**********************************************************************************************************************
[008] = (801460[ns]  - 801560[ns]) 1938 values	******************************************************************************************************************************************************
[009] = (801560[ns]  - 801660[ns]) 1215 values	**********************************************************************************************
[010] = (801660[ns]  - 801760[ns]) 0569 values	********************************************
[011] = (801760[ns]  - 801860[ns]) 0210 values	****************
[012] = (801860[ns]  - 801960[ns]) 0147 values	***********
[013] = (801960[ns]  - 802060[ns]) 0103 values	*******
[014] = (802060[ns]  - 802160[ns]) 0151 values	***********
[015] = (802160[ns]  - 802260[ns]) 0267 values	********************
[016] = (802260[ns]  - 802360[ns]) 0224 values	*****************
[017] = (802360[ns]  - 802460[ns]) 0235 values	******************
[018] = (802460[ns]  - 802560[ns]) 0225 values	*****************
[019] = (802560[ns]  - 802660[ns]) 0176 values	*************
[020] = (802660[ns]  - 802760[ns]) 0079 values	******
[021] = (802760[ns]  - 802860[ns]) 0044 values	***
[022] = (802860[ns]  - 802960[ns]) 0014 values	*
[025] = (803160[ns]  - 803260[ns]) 0019 values	*
read and write statistics: min: 986619.0[ns], max: 1085478.0[ns], mean 997273.1[ns], median 996759.0[ns], deviation: 5821.4[ns]
[000] = (986619[ns]  - 986719[ns]) 0050 values	****
[001] = (986719[ns]  - 986819[ns]) 0200 values	*******************
[002] = (986819[ns]  - 986919[ns]) 0375 values	***********************************
[003] = (986919[ns]  - 987019[ns]) 0546 values	****************************************************
[004] = (987019[ns]  - 987119[ns]) 0632 values	************************************************************
[005] = (987119[ns]  - 987219[ns]) 0380 values	************************************
[006] = (987219[ns]  - 987319[ns]) 0153 values	**************
[007] = (987319[ns]  - 987419[ns]) 0136 values	*************
[008] = (987419[ns]  - 987519[ns]) 0648 values	**************************************************************
[009] = (987519[ns]  - 987619[ns]) 1470 values	*********************************************************************************************************************************************
[010] = (987619[ns]  - 987719[ns]) 1563 values	******************************************************************************************************************************************************
[011] = (987719[ns]  - 987819[ns]) 1066 values	******************************************************************************************************
[012] = (987819[ns]  - 987919[ns]) 0499 values	***********************************************
[013] = (987919[ns]  - 988019[ns]) 0211 values	********************
[014] = (988019[ns]  - 988119[ns]) 0145 values	*************
[015] = (988119[ns]  - 988219[ns]) 0147 values	**************
[016] = (988219[ns]  - 988319[ns]) 0240 values	***********************
[017] = (988319[ns]  - 988419[ns]) 0262 values	*************************
[018] = (988419[ns]  - 988519[ns]) 0261 values	*************************
[019] = (988519[ns]  - 988619[ns]) 0274 values	**************************
[020] = (988619[ns]  - 988719[ns]) 0248 values	***********************
[021] = (988719[ns]  - 988819[ns]) 0207 values	*******************
[022] = (988819[ns]  - 988919[ns]) 0107 values	**********
[023] = (988919[ns]  - 989019[ns]) 0057 values	*****
[024] = (989019[ns]  - 989119[ns]) 0025 values	**
[025] = (989119[ns]  - 989219[ns]) 0013 values	*
[026] = (989219[ns]  - 989319[ns]) 0026 values	**
[027] = (989319[ns]  - 989419[ns]) 0015 values	*
Running 10000 tests with 100 words for 0xA1102000
write statistics: min: 338604.0[ns], max: 396070.0[ns], mean 343245.4[ns], median 342084.0[ns], deviation: 3220.3[ns]
[003] = (338904[ns]  - 339004[ns]) 0026 values	*
[004] = (339004[ns]  - 339104[ns]) 0895 values	**********************************
[005] = (339104[ns]  - 339204[ns]) 3896 values	******************************************************************************************************************************************************
[006] = (339204[ns]  - 339304[ns]) 1593 values	*************************************************************
[007] = (339304[ns]  - 339404[ns]) 1020 values	***************************************
[008] = (339404[ns]  - 339504[ns]) 0792 values	******************************
[009] = (339504[ns]  - 339604[ns]) 0429 values	****************
[010] = (339604[ns]  - 339704[ns]) 0176 values	******
[011] = (339704[ns]  - 339804[ns]) 0112 values	****
[012] = (339804[ns]  - 339904[ns]) 0078 values	***
[013] = (339904[ns]  - 340004[ns]) 0055 values	**
[014] = (340004[ns]  - 340104[ns]) 0034 values	*
[017] = (340304[ns]  - 340404[ns]) 0038 values	*
[019] = (340504[ns]  - 340604[ns]) 0058 values	**
[020] = (340604[ns]  - 340704[ns]) 0151 values	*****
[021] = (340704[ns]  - 340804[ns]) 0053 values	**
[022] = (340804[ns]  - 340904[ns]) 0054 values	**
[023] = (340904[ns]  - 341004[ns]) 0070 values	**
[024] = (341004[ns]  - 341104[ns]) 0087 values	***
[025] = (341104[ns]  - 341204[ns]) 0067 values	**
[026] = (341204[ns]  - 341304[ns]) 0051 values	*
[027] = (341304[ns]  - 341404[ns]) 0040 values	*
[028] = (341404[ns]  - 341504[ns]) 0037 values	*
read statistics: min: 1407811.0[ns], max: 1508051.0[ns], mean 1425044.3[ns], median 1424822.0[ns], deviation: 8138.7[ns]
[000] = (1407811[ns]  - 1407911[ns]) 0034 values	*******
[001] = (1407911[ns]  - 1408011[ns]) 0101 values	*********************
[002] = (1408011[ns]  - 1408111[ns]) 0094 values	********************
[003] = (1408111[ns]  - 1408211[ns]) 0128 values	***************************
[004] = (1408211[ns]  - 1408311[ns]) 0173 values	*************************************
[005] = (1408311[ns]  - 1408411[ns]) 0242 values	***************************************************
[006] = (1408411[ns]  - 1408511[ns]) 0299 values	***************************************************************
[007] = (1408511[ns]  - 1408611[ns]) 0309 values	******************************************************************
[008] = (1408611[ns]  - 1408711[ns]) 0269 values	*********************************************************
[009] = (1408711[ns]  - 1408811[ns]) 0278 values	***********************************************************
[010] = (1408811[ns]  - 1408911[ns]) 0289 values	*************************************************************
[011] = (1408911[ns]  - 1409011[ns]) 0361 values	*****************************************************************************
[012] = (1409011[ns]  - 1409111[ns]) 0469 values	****************************************************************************************************
[013] = (1409111[ns]  - 1409211[ns]) 0470 values	****************************************************************************************************
[014] = (1409211[ns]  - 1409311[ns]) 0465 values	***************************************************************************************************
[015] = (1409311[ns]  - 1409411[ns]) 0423 values	******************************************************************************************
[016] = (1409411[ns]  - 1409511[ns]) 0619 values	************************************************************************************************************************************
[017] = (1409511[ns]  - 1409611[ns]) 0701 values	******************************************************************************************************************************************************
[018] = (1409611[ns]  - 1409711[ns]) 0643 values	*****************************************************************************************************************************************
[019] = (1409711[ns]  - 1409811[ns]) 0424 values	******************************************************************************************
[020] = (1409811[ns]  - 1409911[ns]) 0370 values	*******************************************************************************
[021] = (1409911[ns]  - 1410011[ns]) 0292 values	**************************************************************
[022] = (1410011[ns]  - 1410111[ns]) 0282 values	************************************************************
[023] = (1410111[ns]  - 1410211[ns]) 0257 values	******************************************************
[024] = (1410211[ns]  - 1410311[ns]) 0317 values	*******************************************************************
[025] = (1410311[ns]  - 1410411[ns]) 0311 values	******************************************************************
[026] = (1410411[ns]  - 1410511[ns]) 0220 values	***********************************************
[027] = (1410511[ns]  - 1410611[ns]) 0206 values	********************************************
[028] = (1410611[ns]  - 1410711[ns]) 0182 values	**************************************
[029] = (1410711[ns]  - 1410811[ns]) 0182 values	**************************************
[030] = (1410811[ns]  - 1410911[ns]) 0134 values	****************************
[031] = (1410911[ns]  - 1411011[ns]) 0113 values	************************
[032] = (1411011[ns]  - 1411111[ns]) 0087 values	******************
[033] = (1411111[ns]  - 1411211[ns]) 0062 values	*************
[034] = (1411211[ns]  - 1411311[ns]) 0035 values	*******
[035] = (1411311[ns]  - 1411411[ns]) 0039 values	********
[036] = (1411411[ns]  - 1411511[ns]) 0027 values	*****
[037] = (1411511[ns]  - 1411611[ns]) 0015 values	***
[038] = (1411611[ns]  - 1411711[ns]) 0019 values	****
[039] = (1411711[ns]  - 1411811[ns]) 0012 values	**
[040] = (1411811[ns]  - 1411911[ns]) 0006 values	*
[041] = (1411911[ns]  - 1412011[ns]) 0006 values	*
read and write statistics: min: 1749805.0[ns], max: 1850445.0[ns], mean 1768289.7[ns], median 1767787.0[ns], deviation: 8268.8[ns]
[000] = (1749805[ns]  - 1749905[ns]) 0031 values	******
[001] = (1749905[ns]  - 1750005[ns]) 0080 values	******************
[002] = (1750005[ns]  - 1750105[ns]) 0082 values	******************
[003] = (1750105[ns]  - 1750205[ns]) 0105 values	***********************
[004] = (1750205[ns]  - 1750305[ns]) 0097 values	*********************
[005] = (1750305[ns]  - 1750405[ns]) 0153 values	**********************************
[006] = (1750405[ns]  - 1750505[ns]) 0223 values	**************************************************
[007] = (1750505[ns]  - 1750605[ns]) 0269 values	************************************************************
[008] = (1750605[ns]  - 1750705[ns]) 0274 values	*************************************************************
[009] = (1750705[ns]  - 1750805[ns]) 0254 values	*********************************************************
[010] = (1750805[ns]  - 1750905[ns]) 0270 values	************************************************************
[011] = (1750905[ns]  - 1751005[ns]) 0344 values	*****************************************************************************
[012] = (1751005[ns]  - 1751105[ns]) 0428 values	************************************************************************************************
[013] = (1751105[ns]  - 1751205[ns]) 0385 values	**************************************************************************************
[014] = (1751205[ns]  - 1751305[ns]) 0434 values	*************************************************************************************************
[015] = (1751305[ns]  - 1751405[ns]) 0440 values	***************************************************************************************************
[016] = (1751405[ns]  - 1751505[ns]) 0558 values	*****************************************************************************************************************************
[017] = (1751505[ns]  - 1751605[ns]) 0666 values	******************************************************************************************************************************************************
[018] = (1751605[ns]  - 1751705[ns]) 0592 values	*************************************************************************************************************************************
[019] = (1751705[ns]  - 1751805[ns]) 0444 values	****************************************************************************************************
[020] = (1751805[ns]  - 1751905[ns]) 0388 values	***************************************************************************************
[021] = (1751905[ns]  - 1752005[ns]) 0358 values	********************************************************************************
[022] = (1752005[ns]  - 1752105[ns]) 0307 values	*********************************************************************
[023] = (1752105[ns]  - 1752205[ns]) 0320 values	************************************************************************
[024] = (1752205[ns]  - 1752305[ns]) 0381 values	*************************************************************************************
[025] = (1752305[ns]  - 1752405[ns]) 0319 values	***********************************************************************
[026] = (1752405[ns]  - 1752505[ns]) 0319 values	***********************************************************************
[027] = (1752505[ns]  - 1752605[ns]) 0266 values	***********************************************************
[028] = (1752605[ns]  - 1752705[ns]) 0256 values	*********************************************************
[029] = (1752705[ns]  - 1752805[ns]) 0220 values	*************************************************
[030] = (1752805[ns]  - 1752905[ns]) 0191 values	*******************************************
[031] = (1752905[ns]  - 1753005[ns]) 0108 values	************************
[032] = (1753005[ns]  - 1753105[ns]) 0108 values	************************
[033] = (1753105[ns]  - 1753205[ns]) 0078 values	*****************
[034] = (1753205[ns]  - 1753305[ns]) 0062 values	*************
[035] = (1753305[ns]  - 1753405[ns]) 0046 values	**********
[036] = (1753405[ns]  - 1753505[ns]) 0033 values	*******
[037] = (1753505[ns]  - 1753605[ns]) 0020 values	****
[038] = (1753605[ns]  - 1753705[ns]) 0020 values	****
[039] = (1753705[ns]  - 1753805[ns]) 0012 values	**
[040] = (1753805[ns]  - 1753905[ns]) 0009 values	**
[041] = (1753905[ns]  - 1754005[ns]) 0008 values	*
[042] = (1754005[ns]  - 1754105[ns]) 0009 values	**
