Small test for 1 words
Running 10000 tests with 1 words for 0xA1010400
write statistics: min: 11031.0[ns], max: 58516.0[ns], mean 14252.6[ns], median 14301.0[ns], deviation: 1246.1[ns]
[001] = (11131[ns]  - 11231[ns]) 0055 values	**
[002] = (11231[ns]  - 11331[ns]) 0108 values	****
[003] = (11331[ns]  - 11431[ns]) 0296 values	************
[004] = (11431[ns]  - 11531[ns]) 0850 values	************************************
[005] = (11531[ns]  - 11631[ns]) 1197 values	***************************************************
[006] = (11631[ns]  - 11731[ns]) 2987 values	*********************************************************************************************************************************
[007] = (11731[ns]  - 11831[ns]) 3472 values	******************************************************************************************************************************************************
[008] = (11831[ns]  - 11931[ns]) 0473 values	********************
[009] = (11931[ns]  - 12031[ns]) 0184 values	*******
[010] = (12031[ns]  - 12131[ns]) 0255 values	***********
[011] = (12131[ns]  - 12231[ns]) 0062 values	**
read statistics: min: 16931.0[ns], max: 113441.0[ns], mean 20287.0[ns], median 20203.0[ns], deviation: 1832.1[ns]
[000] = (16931[ns]  - 17031[ns]) 0069 values	*
[001] = (17031[ns]  - 17131[ns]) 0476 values	************
[002] = (17131[ns]  - 17231[ns]) 2181 values	********************************************************
[003] = (17231[ns]  - 17331[ns]) 5773 values	******************************************************************************************************************************************************
[004] = (17331[ns]  - 17431[ns]) 0814 values	*********************
[005] = (17431[ns]  - 17531[ns]) 0567 values	**************
read and write statistics: min: 28073.0[ns], max: 127913.0[ns], mean 34539.6[ns], median 34574.0[ns], deviation: 2402.3[ns]
[001] = (28173[ns]  - 28273[ns]) 0059 values	**
[002] = (28273[ns]  - 28373[ns]) 0170 values	******
[003] = (28373[ns]  - 28473[ns]) 0360 values	**************
[004] = (28473[ns]  - 28573[ns]) 0935 values	*************************************
[005] = (28573[ns]  - 28673[ns]) 1686 values	*******************************************************************
[006] = (28673[ns]  - 28773[ns]) 3751 values	******************************************************************************************************************************************************
[007] = (28773[ns]  - 28873[ns]) 1979 values	*******************************************************************************
[008] = (28873[ns]  - 28973[ns]) 0757 values	******************************
[009] = (28973[ns]  - 29073[ns]) 0139 values	*****
[010] = (29073[ns]  - 29173[ns]) 0026 values	*
[012] = (29273[ns]  - 29373[ns]) 0029 values	*
Running 10000 tests with 1 words for 0xAA000500
write statistics: min: 12542.0[ns], max: 36864.0[ns], mean 13488.0[ns], median 13362.0[ns], deviation: 861.7[ns]
[000] = (12542[ns]  - 12642[ns]) 0081 values	***
[001] = (12642[ns]  - 12742[ns]) 0932 values	******************************************
[002] = (12742[ns]  - 12842[ns]) 2673 values	**************************************************************************************************************************
[003] = (12842[ns]  - 12942[ns]) 3261 values	******************************************************************************************************************************************************
[004] = (12942[ns]  - 13042[ns]) 1919 values	****************************************************************************************
[005] = (13042[ns]  - 13142[ns]) 0407 values	******************
[006] = (13142[ns]  - 13242[ns]) 0056 values	**
[007] = (13242[ns]  - 13342[ns]) 0049 values	**
[008] = (13342[ns]  - 13442[ns]) 0140 values	******
[009] = (13442[ns]  - 13542[ns]) 0195 values	********
[010] = (13542[ns]  - 13642[ns]) 0145 values	******
[011] = (13642[ns]  - 13742[ns]) 0060 values	**
read statistics: min: 13561.0[ns], max: 62407.0[ns], mean 14696.6[ns], median 14461.0[ns], deviation: 1264.7[ns]
[000] = (13561[ns]  - 13661[ns]) 0761 values	*********************
[001] = (13661[ns]  - 13761[ns]) 5202 values	******************************************************************************************************************************************************
[002] = (13761[ns]  - 13861[ns]) 2542 values	*************************************************************************
[003] = (13861[ns]  - 13961[ns]) 0162 values	****
[004] = (13961[ns]  - 14061[ns]) 0608 values	*****************
[005] = (14061[ns]  - 14161[ns]) 0566 values	****************
[006] = (14161[ns]  - 14261[ns]) 0035 values	*
read and write statistics: min: 26203.0[ns], max: 76158.0[ns], mean 28184.7[ns], median 27903.0[ns], deviation: 1584.3[ns]
[000] = (26203[ns]  - 26303[ns]) 0062 values	**
[001] = (26303[ns]  - 26403[ns]) 0967 values	**********************************************
[002] = (26403[ns]  - 26503[ns]) 2597 values	****************************************************************************************************************************
[003] = (26503[ns]  - 26603[ns]) 3117 values	******************************************************************************************************************************************************
[004] = (26603[ns]  - 26703[ns]) 1334 values	****************************************************************
[005] = (26703[ns]  - 26803[ns]) 0598 values	****************************
[006] = (26803[ns]  - 26903[ns]) 0684 values	********************************
[007] = (26903[ns]  - 27003[ns]) 0332 values	***************
[008] = (27003[ns]  - 27103[ns]) 0100 values	****
[009] = (27103[ns]  - 27203[ns]) 0044 values	**
Running 10000 tests with 1 words for 0xA1102000
write statistics: min: 18072.0[ns], max: 98180.0[ns], mean 18932.7[ns], median 18752.0[ns], deviation: 2429.8[ns]
[000] = (18072[ns]  - 18172[ns]) 7515 values	******************************************************************************************************************************************************
[001] = (18172[ns]  - 18272[ns]) 2134 values	******************************************
[002] = (18272[ns]  - 18372[ns]) 0171 values	***
[003] = (18372[ns]  - 18472[ns]) 0054 values	*
[004] = (18472[ns]  - 18572[ns]) 0078 values	*
read statistics: min: 31453.0[ns], max: 136333.0[ns], mean 32537.4[ns], median 32283.0[ns], deviation: 3353.0[ns]
[000] = (31453[ns]  - 31553[ns]) 8279 values	******************************************************************************************************************************************************
[001] = (31553[ns]  - 31653[ns]) 1604 values	*****************************
read and write statistics: min: 49985.0[ns], max: 155175.0[ns], mean 51470.2[ns], median 51035.0[ns], deviation: 4206.5[ns]
[000] = (49985[ns]  - 50085[ns]) 5109 values	******************************************************************************************************************************************************
[001] = (50085[ns]  - 50185[ns]) 4414 values	*********************************************************************************************************************************
[002] = (50185[ns]  - 50285[ns]) 0204 values	*****
[003] = (50285[ns]  - 50385[ns]) 0069 values	**
[004] = (50385[ns]  - 50485[ns]) 0079 values	**
Big test for 100 words
Running 10000 tests with 100 words for 0xA1010400
write statistics: min: 186059.0[ns], max: 258315.0[ns], mean 188701.3[ns], median 188189.0[ns], deviation: 2413.3[ns]
[000] = (186059[ns]  - 186159[ns]) 0258 values	********
[001] = (186159[ns]  - 186259[ns]) 0621 values	*********************
[002] = (186259[ns]  - 186359[ns]) 4398 values	******************************************************************************************************************************************************
[003] = (186359[ns]  - 186459[ns]) 3087 values	*********************************************************************************************************
[004] = (186459[ns]  - 186559[ns]) 0729 values	************************
[005] = (186559[ns]  - 186659[ns]) 0346 values	***********
[006] = (186659[ns]  - 186759[ns]) 0060 values	**
[011] = (187159[ns