Small test for 256 words
[PROCESSOR] Running 10000 tests with 256 words
[PROCESSOR] write statistics: min: 340.0[ns], max: 2891.0[ns], mean 394.3[ns], median 390.0[ns], deviation: 31.7[ns]
mean speed: 2596.858[MB/s], top speed: 3011.765[MB/s], min speed: 354.203[MB/s]
[000] = (340[ns]  - 440[ns]) 0245 values	******
[001] = (440[ns]  - 540[ns]) 5611 values	******************************************************************************************************************************************************
[002] = (540[ns]  - 640[ns]) 2970 values	*******************************************************************************
[003] = (640[ns]  - 740[ns]) 0987 values	**************************
[004] = (740[ns]  - 840[ns]) 0116 values	***
[005] = (840[ns]  - 940[ns]) 0051 values	*
Running 10000 tests with 256 words for 0x0
write statistics: min: 11601.0[ns], max: 69037.0[ns], mean 12199.9[ns], median 12062.0[ns], deviation: 1567.7[ns]
mean speed: 83.935[MB/s], top speed: 88.268[MB/s], min speed: 14.833[MB/s]
[000] = (11601[ns]  - 11701[ns]) 7835 values	******************************************************************************************************************************************************
[001] = (11701[ns]  - 11801[ns]) 1701 values	********************************
[002] = (11801[ns]  - 11901[ns]) 0220 values	****
[003] = (11901[ns]  - 12001[ns]) 0069 values	*
[004] = (12001[ns]  - 12101[ns]) 0139 values	**
Big test for 2560 words
[PROCESSOR] Running 10000 tests with 2560 words
[PROCESSOR] write statistics: min: 1900.0[ns], max: 12341.0[ns], mean 2082.3[ns], median 2080.0[ns], deviation: 157.6[ns]
mean speed: 4917.611[MB/s], top speed: 5389.474[MB/s], min speed: 829.754[MB/s]
[000] = (1900[ns]  - 2000[ns]) 1431 values	****************************************
[001] = (2000[ns]  - 2100[ns]) 5268 values	******************************************************************************************************************************************************
[002] = (2100[ns]  - 2200[ns]) 2901 values	**********************************************************************************
[003] = (2200[ns]  - 2300[ns]) 0329 values	*********
[004] = (2300[ns]  - 2400[ns]) 0061 values	*
Running 10000 tests with 2560 words for 0x0
write statistics: min: 14151.0[ns], max: 31413.0[ns], mean 15008.5[ns], median 14811.0[ns], deviation: 836.4[ns]
mean speed: 682.281[MB/s], top speed: 723.624[MB/s], min speed: 325.980[MB/s]
[000] = (14151[ns]  - 14251[ns]) 0070 values	***
[001] = (14251[ns]  - 14351[ns]) 0654 values	***********************************
[002] = (14351[ns]  - 14451[ns]) 1968 values	*********************************************************************************************************
[003] = (14451[ns]  - 14551[ns]) 2801 values	******************************************************************************************************************************************************
[004] = (14551[ns]  - 14651[ns]) 1869 values	****************************************************************************************************
[005] = (14651[ns]  - 14751[ns]) 0749 values	****************************************
[006] = (14751[ns]  - 14851[ns]) 0259 values	*************
[007] = (14851[ns]  - 14951[ns]) 0113 values	******
[008] = (14951[ns]  - 15051[ns]) 0150 values	********
[009] = (15051[ns]  - 15151[ns]) 0250 values	*************
[010] = (15151[ns]  - 15251[ns]) 0388 values	********************
[011] = (15251[ns]  - 15351[ns]) 0333 values	*****************
[012] = (15351[ns]  - 15451[ns]) 0172 values	*********
[013] = (15451[ns]  - 15551[ns]) 0095 values	*****
[014] = (15551[ns]  - 15651[ns]) 0047 values	**
[015] = (15651[ns]  - 15751[ns]) 0024 values	*
