Small test for 256 words
[PROCESSOR] Running 10000 tests with 256 words
[PROCESSOR] write statistics: min: 8240.0[ns], max: 26513.0[ns], mean 8290.4[ns], median 8251.0[ns], deviation: 713.0[ns]
mean speed: 123.516[MB/s], top speed: 124.272[MB/s], min speed: 38.623[MB/s]
[000] = (8240[ns]  - 8340[ns]) 9967 values	******************************************************************************************************************************************************
Running 10000 tests with 256 words for 0x0
write statistics: min: 18922.0[ns], max: 74478.0[ns], mean 19548.9[ns], median 19382.0[ns], deviation: 1930.9[ns]
mean speed: 52.381[MB/s], top speed: 54.117[MB/s], min speed: 13.749[MB/s]
[000] = (18922[ns]  - 19022[ns]) 7521 values	******************************************************************************************************************************************************
[001] = (19022[ns]  - 19122[ns]) 2078 values	*****************************************
[002] = (19122[ns]  - 19222[ns]) 0159 values	***
[003] = (19222[ns]  - 19322[ns]) 0054 values	*
[004] = (19322[ns]  - 19422[ns]) 0122 values	**
Big test for 2560 words
[PROCESSOR] Running 10000 tests with 2560 words
[PROCESSOR] write statistics: min: 81338.0[ns], max: 131253.0[ns], mean 81701.2[ns], median 81508.0[ns], deviation: 1380.1[ns]
mean speed: 125.335[MB/s], top speed: 125.894[MB/s], min speed: 78.017[MB/s]
[000] = (81338[ns]  - 81438[ns]) 9777 values	******************************************************************************************************************************************************
[014] = (82738[ns]  - 82838[ns]) 0068 values	*
[020] = (83338[ns]  - 83438[ns]) 0070 values	*
Running 10000 tests with 2560 words for 0x0
write statistics: min: 87488.0[ns], max: 112801.0[ns], mean 88660.4[ns], median 88328.0[ns], deviation: 1671.0[ns]
mean speed: 115.497[MB/s], top speed: 117.045[MB/s], min speed: 90.779[MB/s]
[001] = (87588[ns]  - 87688[ns]) 0691 values	*****************************
[002] = (87688[ns]  - 87788[ns]) 2963 values	*******************************************************************************************************************************
[003] = (87788[ns]  - 87888[ns]) 3491 values	******************************************************************************************************************************************************
[004] = (87888[ns]  - 87988[ns]) 1020 values	*******************************************
[005] = (87988[ns]  - 88088[ns]) 0262 values	***********
[006] = (88088[ns]  - 88188[ns]) 0539 values	***********************
[007] = (88188[ns]  - 88288[ns]) 0564 values	************************
[008] = (88288[ns]  - 88388[ns]) 0166 values	*******
[009] = (88388[ns]  - 88488[ns]) 0038 values	*
[031] = (90588[ns]  - 90688[ns]) 0028 values	*
[032] = (90688[ns]  - 90788[ns]) 0044 values	*
[033] = (90788[ns]  - 90888[ns]) 0024 values	*
[054] = (92888[ns]  - 92988[ns]) 0028 values	*
[055] = (92988[ns]  - 93088[ns]) 0024 values	*
