Small test for 32 words
[PROCESSOR] Running 100000 tests with 32 words
[PROCESSOR] write statistics: min: 1150.0[ns], max: 47985.0[ns], mean 1165.9[ns], median 1160.0[ns], deviation: 290.8[ns]
mean speed: 109.782[MB/s], top speed: 111.304[MB/s], min speed: 2.668[MB/s]
[000] = (1150[ns]  - 1466[ns]) 99970 values	******************************************************************************************************************************************************
Running 100000 tests with 32 words for 0xA1000000
write statistics: min: 63737.0[ns], max: 147964.0[ns], mean 64639.8[ns], median 64276.0[ns], deviation: 3266.6[ns]
mean speed: 1.980[MB/s], top speed: 2.008[MB/s], min speed: 0.865[MB/s]
[000] = (63737[ns]  - 64053[ns]) 1648 values	*****
[001] = (64053[ns]  - 64369[ns]) 47862 values	******************************************************************************************************************************************************
[002] = (64369[ns]  - 64686[ns]) 41362 values	*********************************************************************************************************************************
[003] = (64686[ns]  - 65002[ns]) 3133 values	*********
[004] = (65002[ns]  - 65318[ns]) 1328 values	****
[005] = (65318[ns]  - 65634[ns]) 1152 values	***
[006] = (65634[ns]  - 65951[ns]) 0821 values	**
[007] = (65951[ns]  - 66267[ns]) 0607 values	*
Running 100000 tests with 32 words for 0x0
write statistics: min: 12191.0[ns], max: 70117.0[ns], mean 12863.5[ns], median 12741.0[ns], deviation: 1834.7[ns]
mean speed: 9.951[MB/s], top speed: 10.500[MB/s], min speed: 1.826[MB/s]
[001] = (12507[ns]  - 12823[ns]) 7083 values	*************************
[002] = (12823[ns]  - 13140[ns]) 42032 values	******************************************************************************************************************************************************
[003] = (13140[ns]  - 13456[ns]) 40316 values	***********************************************************************************************************************************************
[004] = (13456[ns]  - 13772[ns]) 6370 values	**********************
[005] = (13772[ns]  - 14088[ns]) 0825 values	**
[006] = (14088[ns]  - 14405[ns]) 0323 values	*
[007] = (14405[ns]  - 14721[ns]) 0389 values	*
[008] = (14721[ns]  - 15037[ns]) 0546 values	*
[009] = (15037[ns]  - 15353[ns]) 0315 values	*
[013] = (16302[ns]  - 16618[ns]) 0457 values	*
[014] = (16618[ns]  - 16934[ns]) 0450 values	*
Big test for 256 words
[PROCESSOR] Running 100000 tests with 256 words
[PROCESSOR] write statistics: min: 8240.0[ns], max: 44105.0[ns], mean 8285.0[ns], median 8251.0[ns], deviation: 699.4[ns]
mean speed: 123.597[MB/s], top speed: 124.272[MB/s], min speed: 23.217[MB/s]
[000] = (8240[ns]  - 8556[ns]) 99784 values	******************************************************************************************************************************************************
Running 100000 tests with 256 words for 0xA1000000
write statistics: min: 440224.0[ns], max: 712121.0[ns], mean 442182.5[ns], median 440864.0[ns], deviation: 4278.0[ns]
mean speed: 2.316[MB/s], top speed: 2.326[MB/s], min speed: 1.438[MB/s]
[000] = (440224[ns]  - 440540[ns]) 72462 values	******************************************************************************************************************************************************
[001] = (440540[ns]  - 440856[ns]) 15145 values	*******************************
[002] = (440856[ns]  - 441173[ns]) 1311 values	**
[009] = (443070[ns]  - 443386[ns]) 0620 values	*
[010] = (443386[ns]  - 443703[ns]) 3939 values	********
[016] = (445284[ns]  - 445600[ns]) 3234 values	******
Running 100000 tests with 256 words for 0x0
write statistics: min: 18762.0[ns], max: 86328.0[ns], mean 19497.7[ns], median 19342.0[ns], deviation: 1820.2[ns]
mean speed: 52.519[MB/s], top speed: 54.578[MB/s], min speed: 11.862[MB/s]
[001] = (19078[ns]  - 19394[ns]) 11685 values	*******************************
[002] = (19394[ns]  - 19711[ns]) 55253 values	******************************************************************************************************************************************************
[003] = (19711[ns]  - 20027[ns]) 25101 values	********************************************************************
[004] = (20027[ns]  - 20343[ns]) 2742 values	*******
[005] = (20343[ns]  - 20659[ns]) 0624 values	*
[006] = (20659[ns]  - 20976[ns]) 0759 values	**
[007] = (20976[ns]  - 21292[ns]) 0980 values	**
[008] = (21292[ns]  - 21608[ns]) 0406 values	*
[011] = (22241[ns]  - 22557[ns]) 0752 values	**
[012] = (22557[ns]  - 22873[ns]) 0636 values	*
