Small test for 32 words
[PROCESSOR] Running 100000 tests with 32 words
[PROCESSOR] write statistics: min: 170.0[ns], max: 36744.0[ns], mean 214.3[ns], median 220.0[ns], deviation: 147.0[ns]
mean speed: 597.326[MB/s], top speed: 752.941[MB/s], min speed: 3.484[MB/s]
[000] = (170[ns]  - 486[ns]) 99987 values	******************************************************************************************************************************************************
Running 100000 tests with 32 words for 0xA1000000
write statistics: min: 70587.0[ns], max: 168037.0[ns], mean 71462.4[ns], median 71127.0[ns], deviation: 3025.8[ns]
mean speed: 1.791[MB/s], top speed: 1.813[MB/s], min speed: 0.762[MB/s]
[000] = (70587[ns]  - 70903[ns]) 3475 values	*******
[001] = (70903[ns]  - 71219[ns]) 67155 values	******************************************************************************************************************************************************
[002] = (71219[ns]  - 71536[ns]) 23115 values	***************************************************
[003] = (71536[ns]  - 71852[ns]) 1350 values	***
[004] = (71852[ns]  - 72168[ns]) 1230 values	**
[005] = (72168[ns]  - 72484[ns]) 1151 values	**
[006] = (72484[ns]  - 72801[ns]) 0450 values	*
Running 100000 tests with 32 words for 0x0
write statistics: min: 11472.0[ns], max: 113802.0[ns], mean 12133.1[ns], median 12011.0[ns], deviation: 1940.0[ns]
mean speed: 10.550[MB/s], top speed: 11.158[MB/s], min speed: 1.125[MB/s]
[000] = (11472[ns]  - 11788[ns]) 4594 values	*********
[001] = (11788[ns]  - 12104[ns]) 73180 values	******************************************************************************************************************************************************
[002] = (12104[ns]  - 12421[ns]) 18666 values	**************************************
[003] = (12421[ns]  - 12737[ns]) 0732 values	*
[004] = (12737[ns]  - 13053[ns]) 0926 values	*
[007] = (13686[ns]  - 14002[ns]) 0758 values	*
Big test for 256 words
[PROCESSOR] Running 100000 tests with 256 words
[PROCESSOR] write statistics: min: 310.0[ns], max: 25133.0[ns], mean 359.3[ns], median 360.0[ns], deviation: 124.8[ns]
mean speed: 2850.234[MB/s], top speed: 3303.226[MB/s], min speed: 40.743[MB/s]
[000] = (310[ns]  - 626[ns]) 95824 values	******************************************************************************************************************************************************
[001] = (626[ns]  - 942[ns]) 4033 values	******
Running 100000 tests with 256 words for 0xA1000000
write statistics: min: 446935.0[ns], max: 537263.0[ns], mean 448968.2[ns], median 447675.0[ns], deviation: 3879.6[ns]
mean speed: 2.281[MB/s], top speed: 2.291[MB/s], min speed: 1.906[MB/s]
[001] = (447251[ns]  - 447567[ns]) 18006 values	********************************************************
[002] = (447567[ns]  - 447884[ns]) 47755 values	******************************************************************************************************************************************************
[003] = (447884[ns]  - 448200[ns]) 14097 values	********************************************
[004] = (448200[ns]  - 448516[ns]) 5222 values	****************
[005] = (448516[ns]  - 448832[ns]) 1968 values	******
[006] = (448832[ns]  - 449149[ns]) 1255 values	***
[024] = (454524[ns]  - 454841[ns]) 0825 values	**
[025] = (454841[ns]  - 455157[ns]) 0450 values	*
[028] = (455789[ns]  - 456106[ns]) 0433 values	*
[030] = (456422[ns]  - 456738[ns]) 0366 values	*
[031] = (456738[ns]  - 457054[ns]) 0916 values	**
[032] = (457054[ns]  - 457371[ns]) 1053 values	***
[033] = (457371[ns]  - 457687[ns]) 0424 values	*
[041] = (459900[ns]  - 460217[ns]) 0383 values	*
[048] = (462114[ns]  - 462430[ns]) 0424 values	*
[049] = (462430[ns]  - 462746[ns]) 0876 values	**
[050] = (462746[ns]  - 463063[ns]) 0421 values	*
[059] = (465592[ns]  - 465909[ns]) 0422 values	*
Running 100000 tests with 256 words for 0x0
write statistics: min: 11671.0[ns], max: 56196.0[ns], mean 12329.9[ns], median 12211.0[ns], deviation: 1468.2[ns]
mean speed: 83.050[MB/s], top speed: 87.739[MB/s], min speed: 18.222[MB/s]
[001] = (11987[ns]  - 12303[ns]) 2151 values	********
[002] = (12303[ns]  - 12620[ns]) 16792 values	******************************************************************
[003] = (12620[ns]  - 12936[ns]) 38040 values	******************************************************************************************************************************************************
[004] = (12936[ns]  - 13252[ns]) 28624 values	****************************************************************************************************************
[005] = (13252[ns]  - 13568[ns]) 8391 values	*********************************
[006] = (13568[ns]  - 13885[ns]) 1585 values	******
[007] = (13885[ns]  - 14201[ns]) 0406 values	*
[009] = (14517[ns]  - 14833[ns]) 0391 values	*
[010] = (14833[ns]  - 15150[ns]) 0546 values	**
[011] = (15150[ns]  - 15466[ns]) 0393 values	*
[016] = (16731[ns]  - 17047[ns]) 0369 values	*
[017] = (17047[ns]  - 17363[ns]) 0656 values	**
[018] = (17363[ns]  - 17679[ns]) 0396 values	*
