Small test for 32 words
[PROCESSOR] Running 10000 tests with 32 words
[PROCESSOR] write statistics: min: 1150.0[ns], max: 24023.0[ns], mean 1172.1[ns], median 1170.0[ns], deviation: 257.8[ns]
mean speed: 109.202[MB/s], top speed: 111.304[MB/s], min speed: 5.328[MB/s]
[000] = (1150[ns]  - 1250[ns]) 9995 values	******************************************************************************************************************************************************
Running 10000 tests with 32 words for 0xA1000000
write statistics: min: 63857.0[ns], max: 174437.0[ns], mean 64786.9[ns], median 64327.0[ns], deviation: 3392.8[ns]
mean speed: 1.976[MB/s], top speed: 2.004[MB/s], min speed: 0.734[MB/s]
[000] = (63857[ns]  - 63957[ns]) 9388 values	******************************************************************************************************************************************************
[001] = (63957[ns]  - 64057[ns]) 0400 values	******
Running 10000 tests with 32 words for 0x1000000
write statistics: min: 12291.0[ns], max: 63876.0[ns], mean 12982.0[ns], median 12812.0[ns], deviation: 1959.1[ns]
mean speed: 9.860[MB/s], top speed: 10.414[MB/s], min speed: 2.004[MB/s]
[000] = (12291[ns]  - 12391[ns]) 4774 values	******************************************************************************************************************************************************
[001] = (12391[ns]  - 12491[ns]) 4681 values	***************************************************************************************************************************************************
[002] = (12491[ns]  - 12591[ns]) 0236 values	*******
[003] = (12591[ns]  - 12691[ns]) 0037 values	*
[004] = (12691[ns]  - 12791[ns]) 0167 values	*****
[005] = (12791[ns]  - 12891[ns]) 0066 values	**
Big test for 512 words
[PROCESSOR] Running 10000 tests with 512 words
[PROCESSOR] write statistics: min: 16351.0[ns], max: 56355.0[ns], mean 16455.0[ns], median 16382.0[ns], deviation: 1071.0[ns]
mean speed: 124.461[MB/s], top speed: 125.252[MB/s], min speed: 36.341[MB/s]
[000] = (16351[ns]  - 16451[ns]) 9956 values	******************************************************************************************************************************************************
Running 10000 tests with 512 words for 0xA1000000
write statistics: min: 870677.0[ns], max: 963736.0[ns], mean 873588.1[ns], median 871417.0[ns], deviation: 4688.0[ns]
mean speed: 2.344[MB/s], top speed: 2.352[MB/s], min speed: 2.125[MB/s]
[000] = (870677[ns]  - 870777[ns]) 6363 values	******************************************************************************************************************************************************
[001] = (870777[ns]  - 870877[ns]) 1432 values	*********************************
[007] = (871377[ns]  - 871477[ns]) 0068 values	*
[008] = (871477[ns]  - 871577[ns]) 0115 values	**
[009] = (871577[ns]  - 871677[ns]) 0766 values	******************
[010] = (871677[ns]  - 871777[ns]) 0103 values	**
[011] = (871777[ns]  - 871877[ns]) 0151 values	***
[012] = (871877[ns]  - 871977[ns]) 0656 values	***************
[013] = (871977[ns]  - 872077[ns]) 0076 values	*
[014] = (872077[ns]  - 872177[ns]) 0117 values	**
Running 10000 tests with 512 words for 0x1000000
write statistics: min: 26642.0[ns], max: 74318.0[ns], mean 27269.9[ns], median 27113.0[ns], deviation: 1608.8[ns]
mean speed: 75.101[MB/s], top speed: 76.871[MB/s], min speed: 27.557[MB/s]
[000] = (26642[ns]  - 26742[ns]) 5152 values	******************************************************************************************************************************************************
[001] = (26742[ns]  - 26842[ns]) 4269 values	****************************************************************************************************************************
[002] = (26842[ns]  - 26942[ns]) 0142 values	****
[003] = (26942[ns]  - 27042[ns]) 0230 values	******
[004] = (27042[ns]  - 27142[ns]) 0097 values	**
[005] = (27142[ns]  - 27242[ns]) 0047 values	*
