Small test for 32 words
[PROCESSOR] Running 10000 tests with 32 words
[PROCESSOR] write statistics: min: 180.0[ns], max: 7001.0[ns], mean 231.8[ns], median 230.0[ns], deviation: 71.8[ns]
mean speed: 552.241[MB/s], top speed: 711.111[MB/s], min speed: 18.283[MB/s]
[000] = (180[ns]  - 280[ns]) 8048 values	******************************************************************************************************************************************************
[001] = (280[ns]  - 380[ns]) 1948 values	************************************
Running 10000 tests with 32 words for 0xA1000000
write statistics: min: 70447.0[ns], max: 140084.0[ns], mean 71332.7[ns], median 70947.0[ns], deviation: 3568.7[ns]
mean speed: 1.794[MB/s], top speed: 1.817[MB/s], min speed: 0.914[MB/s]
[000] = (70447[ns]  - 70547[ns]) 8699 values	******************************************************************************************************************************************************
[001] = (70547[ns]  - 70647[ns]) 0869 values	**************
[002] = (70647[ns]  - 70747[ns]) 0201 values	***
Running 10000 tests with 32 words for 0x1000000
write statistics: min: 11381.0[ns], max: 99390.0[ns], mean 11917.0[ns], median 11811.0[ns], deviation: 1694.9[ns]
mean speed: 10.741[MB/s], top speed: 11.247[MB/s], min speed: 1.288[MB/s]
[000] = (11381[ns]  - 11481[ns]) 9531 values	******************************************************************************************************************************************************
[001] = (11481[ns]  - 11581[ns]) 0309 values	****
[002] = (11581[ns]  - 11681[ns]) 0114 values	*
Big test for 512 words
[PROCESSOR] Running 10000 tests with 512 words
[PROCESSOR] write statistics: min: 490.0[ns], max: 16781.0[ns], mean 559.5[ns], median 560.0[ns], deviation: 164.4[ns]
mean speed: 3660.551[MB/s], top speed: 4179.592[MB/s], min speed: 122.043[MB/s]
[000] = (490[ns]  - 590[ns]) 9925 values	******************************************************************************************************************************************************
[001] = (590[ns]  - 690[ns]) 0073 values	*
Running 10000 tests with 512 words for 0xA1000000
write statistics: min: 877378.0[ns], max: 940874.0[ns], mean 880266.8[ns], median 878127.0[ns], deviation: 4564.6[ns]
mean speed: 2.327[MB/s], top speed: 2.334[MB/s], min speed: 2.177[MB/s]
[000] = (877378[ns]  - 877478[ns]) 3996 values	******************************************************************************************************************************************************
[001] = (877478[ns]  - 877578[ns]) 3342 values	*****************************************************************************************************************************
[002] = (877578[ns]  - 877678[ns]) 0427 values	****************
[010] = (878378[ns]  - 878478[ns]) 0086 values	***
[011] = (878478[ns]  - 878578[ns]) 0094 values	***
[012] = (878578[ns]  - 878678[ns]) 0124 values	****
[013] = (878678[ns]  - 878778[ns]) 0387 values	**************
[014] = (878778[ns]  - 878878[ns]) 0326 values	************
[015] = (878878[ns]  - 878978[ns]) 0105 values	***
[016] = (878978[ns]  - 879078[ns]) 0207 values	*******
[017] = (879078[ns]  - 879178[ns]) 0089 values	***
[018] = (879178[ns]  - 879278[ns]) 0492 values	******************
[019] = (879278[ns]  - 879378[ns]) 0057 values	**
[020] = (879378[ns]  - 879478[ns]) 0059 values	**
[021] = (879478[ns]  - 879578[ns]) 0046 values	*
Running 10000 tests with 512 words for 0x1000000
write statistics: min: 11871.0[ns], max: 68957.0[ns], mean 12587.1[ns], median 12461.0[ns], deviation: 1554.2[ns]
mean speed: 162.706[MB/s], top speed: 172.521[MB/s], min speed: 29.700[MB/s]
[000] = (11871[ns]  - 11971[ns]) 4444 values	*************************************************************************************************************************************
[001] = (11971[ns]  - 12071[ns]) 4992 values	******************************************************************************************************************************************************
[002] = (12071[ns]  - 12171[ns]) 0252 values	*******
[003] = (12171[ns]  - 12271[ns]) 0204 values	******
[004] = (12271[ns]  - 12371[ns]) 0074 values	**
