Small test for 32 words
[PROCESSOR] Running 10000 tests with 32 words
[PROCESSOR] write statistics: min: 170.0[ns], max: 2440.0[ns], mean 206.3[ns], median 210.0[ns], deviation: 26.3[ns]
mean speed: 620.504[MB/s], top speed: 752.941[MB/s], min speed: 52.459[MB/s]
[000] = (170[ns]  - 270[ns]) 2063 values	*****************************************************
[001] = (270[ns]  - 370[ns]) 5824 values	******************************************************************************************************************************************************
[002] = (370[ns]  - 470[ns]) 1815 values	**********************************************
[003] = (470[ns]  - 570[ns]) 0286 values	*******
Running 10000 tests with 32 words for 0xA1000000
write statistics: min: 70417.0[ns], max: 140724.0[ns], mean 71235.4[ns], median 70837.0[ns], deviation: 3903.8[ns]
mean speed: 1.797[MB/s], top speed: 1.818[MB/s], min speed: 0.910[MB/s]
[000] = (70417[ns]  - 70517[ns]) 9168 values	******************************************************************************************************************************************************
[001] = (70517[ns]  - 70617[ns]) 0401 values	******
[002] = (70617[ns]  - 70717[ns]) 0217 values	***
Running 10000 tests with 32 words for 0x1000000
write statistics: min: 11132.0[ns], max: 83059.0[ns], mean 11817.0[ns], median 11692.0[ns], deviation: 1798.7[ns]
mean speed: 10.832[MB/s], top speed: 11.498[MB/s], min speed: 1.541[MB/s]
[000] = (11132[ns]  - 11232[ns]) 8667 values	******************************************************************************************************************************************************
[001] = (11232[ns]  - 11332[ns]) 1057 values	******************
[002] = (11332[ns]  - 11432[ns]) 0127 values	**
[003] = (11432[ns]  - 11532[ns]) 0071 values	*
Big test for 640 words
[PROCESSOR] Running 10000 tests with 640 words
[PROCESSOR] write statistics: min: 570.0[ns], max: 15861.0[ns], mean 639.4[ns], median 630.0[ns], deviation: 290.1[ns]
mean speed: 4003.671[MB/s], top speed: 4491.228[MB/s], min speed: 161.402[MB/s]
[000] = (570[ns]  - 670[ns]) 9846 values	******************************************************************************************************************************************************
[001] = (670[ns]  - 770[ns]) 0149 values	**
Running 10000 tests with 640 words for 0xA1000000
write statistics: min: 1092309.0[ns], max: 1322633.0[ns], mean 1095801.8[ns], median 1093249.0[ns], deviation: 5376.0[ns]
mean speed: 2.336[MB/s], top speed: 2.344[MB/s], min speed: 1.936[MB/s]
[000] = (1092309[ns]  - 1092409[ns]) 7251 values	******************************************************************************************************************************************************
[003] = (1092609[ns]  - 1092709[ns]) 1201 values	************************
[004] = (1092709[ns]  - 1092809[ns]) 1086 values	**********************
[005] = (1092809[ns]  - 1092909[ns]) 0280 values	*****
[006] = (1092909[ns]  - 1093009[ns]) 0058 values	*
Running 10000 tests with 640 words for 0x1000000
write statistics: min: 11971.0[ns], max: 68297.0[ns], mean 12621.8[ns], median 12452.0[ns], deviation: 1478.7[ns]
mean speed: 202.824[MB/s], top speed: 213.850[MB/s], min speed: 37.483[MB/s]
[000] = (11971[ns]  - 12071[ns]) 6753 values	******************************************************************************************************************************************************
[001] = (12071[ns]  - 12171[ns]) 2552 values	********************************************************
[002] = (12171[ns]  - 12271[ns]) 0201 values	****
[003] = (12271[ns]  - 12371[ns]) 0261 values	*****
[004] = (12371[ns]  - 12471[ns]) 0183 values	****
