Small test for 32 words
[PROCESSOR] Running 10000 tests with 32 words
[PROCESSOR] write statistics: min: 1150.0[ns], max: 16842.0[ns], mean 1173.3[ns], median 1170.0[ns], deviation: 193.6[ns]
mean speed: 109.094[MB/s], top speed: 111.304[MB/s], min speed: 7.600[MB/s]
[000] = (1150[ns]  - 1250[ns]) 9997 values	******************************************************************************************************************************************************
Running 10000 tests with 32 words for 0xA1000000
write statistics: min: 63796.0[ns], max: 158355.0[ns], mean 64604.1[ns], median 64197.0[ns], deviation: 3143.8[ns]
mean speed: 1.981[MB/s], top speed: 2.006[MB/s], min speed: 0.808[MB/s]
[000] = (63796[ns]  - 63896[ns]) 9421 values	******************************************************************************************************************************************************
[001] = (63896[ns]  - 63996[ns]) 0289 values	****
[002] = (63996[ns]  - 64096[ns]) 0143 values	**
Running 10000 tests with 32 words for 0x1000000
write statistics: min: 12241.0[ns], max: 82749.0[ns], mean 12822.0[ns], median 12671.0[ns], deviation: 1991.6[ns]
mean speed: 9.983[MB/s], top speed: 10.457[MB/s], min speed: 1.547[MB/s]
[000] = (12241[ns]  - 12341[ns]) 9394 values	******************************************************************************************************************************************************
[001] = (12341[ns]  - 12441[ns]) 0320 values	*****
[003] = (12541[ns]  - 12641[ns]) 0191 values	***
Big test for 640 words
[PROCESSOR] Running 10000 tests with 640 words
[PROCESSOR] write statistics: min: 20422.0[ns], max: 44034.0[ns], mean 20560.9[ns], median 20492.0[ns], deviation: 1020.9[ns]
mean speed: 124.508[MB/s], top speed: 125.355[MB/s], min speed: 58.137[MB/s]
[000] = (20422[ns]  - 20522[ns]) 9948 values	******************************************************************************************************************************************************
Running 10000 tests with 640 words for 0xA1000000
write statistics: min: 1085588.0[ns], max: 1169647.0[ns], mean 1089087.4[ns], median 1086529.0[ns], deviation: 4890.1[ns]
mean speed: 2.351[MB/s], top speed: 2.358[MB/s], min speed: 2.189[MB/s]
[000] = (1085588[ns]  - 1085688[ns]) 4075 values	******************************************************************************************************************************************************
[001] = (1085688[ns]  - 1085788[ns]) 3033 values	***************************************************************************************************************
[002] = (1085788[ns]  - 1085888[ns]) 0160 values	*****
[008] = (1086388[ns]  - 1086488[ns]) 0141 values	*****
[009] = (1086488[ns]  - 1086588[ns]) 0097 values	***
[010] = (1086588[ns]  - 1086688[ns]) 0962 values	***********************************
[011] = (1086688[ns]  - 1086788[ns]) 0222 values	********
[012] = (1086788[ns]  - 1086888[ns]) 0160 values	*****
[013] = (1086888[ns]  - 1086988[ns]) 0795 values	*****************************
[014] = (1086988[ns]  - 1087088[ns]) 0161 values	*****
[019] = (1087488[ns]  - 1087588[ns]) 0039 values	*
Running 10000 tests with 640 words for 0x1000000
write statistics: min: 30283.0[ns], max: 113671.0[ns], mean 31002.0[ns], median 30804.0[ns], deviation: 1808.4[ns]
mean speed: 82.575[MB/s], top speed: 84.536[MB/s], min speed: 22.521[MB/s]
[000] = (30283[ns]  - 30383[ns]) 9165 values	******************************************************************************************************************************************************
[001] = (30383[ns]  - 30483[ns]) 0457 values	*******
[002] = (30483[ns]  - 30583[ns]) 0272 values	****
