Small test for 32 words
[PROCESSOR] Running 10000 tests with 32 words
[PROCESSOR] write statistics: min: 170.0[ns], max: 7041.0[ns], mean 216.4[ns], median 220.0[ns], deviation: 95.6[ns]
mean speed: 591.610[MB/s], top speed: 752.941[MB/s], min speed: 18.179[MB/s]
[000] = (170[ns]  - 270[ns]) 9733 values	******************************************************************************************************************************************************
[001] = (270[ns]  - 370[ns]) 0263 values	****
Running 10000 tests with 32 words for 0xA1000000
write statistics: min: 70567.0[ns], max: 134613.0[ns], mean 71377.5[ns], median 71007.0[ns], deviation: 3298.1[ns]
mean speed: 1.793[MB/s], top speed: 1.814[MB/s], min speed: 0.951[MB/s]
[000] = (70567[ns]  - 70667[ns]) 8738 values	******************************************************************************************************************************************************
[001] = (70667[ns]  - 70767[ns]) 0800 values	*************
[002] = (70767[ns]  - 70867[ns]) 0208 values	***
[003] = (70867[ns]  - 70967[ns]) 0071 values	*
Running 10000 tests with 32 words for 0x1000000
write statistics: min: 11411.0[ns], max: 85568.0[ns], mean 11973.3[ns], median 11861.0[ns], deviation: 1725.5[ns]
mean speed: 10.690[MB/s], top speed: 11.217[MB/s], min speed: 1.496[MB/s]
[000] = (11411[ns]  - 11511[ns]) 9437 values	******************************************************************************************************************************************************
[001] = (11511[ns]  - 11611[ns]) 0343 values	*****
[002] = (11611[ns]  - 11711[ns]) 0076 values	*
[003] = (11711[ns]  - 11811[ns]) 0110 values	*
Big test for 1024 words
[PROCESSOR] Running 10000 tests with 1024 words
[PROCESSOR] write statistics: min: 840.0[ns], max: 13691.0[ns], mean 927.6[ns], median 920.0[ns], deviation: 184.7[ns]
mean speed: 4415.819[MB/s], top speed: 4876.190[MB/s], min speed: 299.175[MB/s]
[000] = (840[ns]  - 940[ns]) 8713 values	******************************************************************************************************************************************************
[001] = (940[ns]  - 1040[ns]) 1226 values	*********************
Running 10000 tests with 1024 words for 0xA1000000
write statistics: min: 1737924.0[ns], max: 3622722.0[ns], mean 1743739.5[ns], median 1739363.0[ns], deviation: 29816.2[ns]
mean speed: 2.349[MB/s], top speed: 2.357[MB/s], min speed: 1.131[MB/s]
[000] = (1737924[ns]  - 1738024[ns]) 9900 values	******************************************************************************************************************************************************
[001] = (1738024[ns]  - 1738124[ns]) 0083 values	*
Running 10000 tests with 1024 words for 0x1000000
write statistics: min: 12351.0[ns], max: 49305.0[ns], mean 13032.7[ns], median 12911.0[ns], deviation: 814.0[ns]
mean speed: 314.287[MB/s], top speed: 331.633[MB/s], min speed: 83.075[MB/s]
[000] = (12351[ns]  - 12451[ns]) 0943 values	*******************
[001] = (12451[ns]  - 12551[ns]) 7133 values	******************************************************************************************************************************************************
[002] = (12551[ns]  - 12651[ns]) 1134 values	***********************
[003] = (12651[ns]  - 12751[ns]) 0104 values	**
[004] = (12751[ns]  - 12851[ns]) 0313 values	******
[005] = (12851[ns]  - 12951[ns]) 0265 values	*****
[006] = (12951[ns]  - 13051[ns]) 0064 values	*
