Small test for 32 words
[PROCESSOR] Running 10000 tests with 32 words
[PROCESSOR] write statistics: min: 1150.0[ns], max: 16401.0[ns], mean 1173.5[ns], median 1170.0[ns], deviation: 210.7[ns]
mean speed: 109.080[MB/s], top speed: 111.304[MB/s], min speed: 7.804[MB/s]
[000] = (1150[ns]  - 1250[ns]) 9995 values	******************************************************************************************************************************************************
Running 10000 tests with 32 words for 0xA1000000
write statistics: min: 63746.0[ns], max: 143194.0[ns], mean 64594.1[ns], median 64236.0[ns], deviation: 3384.3[ns]
mean speed: 1.982[MB/s], top speed: 2.008[MB/s], min speed: 0.894[MB/s]
[000] = (63746[ns]  - 63846[ns]) 9272 values	******************************************************************************************************************************************************
[001] = (63846[ns]  - 63946[ns]) 0396 values	******
[002] = (63946[ns]  - 64046[ns]) 0151 values	**
Running 10000 tests with 32 words for 0x1000000
write statistics: min: 12192.0[ns], max: 70067.0[ns], mean 12810.5[ns], median 12721.0[ns], deviation: 1219.2[ns]
mean speed: 9.992[MB/s], top speed: 10.499[MB/s], min speed: 1.827[MB/s]
[000] = (12192[ns]  - 12292[ns]) 6357 values	******************************************************************************************************************************************************
[001] = (12292[ns]  - 12392[ns]) 3341 values	******************************************************************************
[002] = (12392[ns]  - 12492[ns]) 0095 values	**
[003] = (12492[ns]  - 12592[ns]) 0082 values	*
[004] = (12592[ns]  - 12692[ns]) 0080 values	*
Big test for 1024 words
[PROCESSOR] Running 10000 tests with 1024 words
[PROCESSOR] write statistics: min: 32623.0[ns], max: 52115.0[ns], mean 32846.6[ns], median 32754.0[ns], deviation: 987.0[ns]
mean speed: 124.701[MB/s], top speed: 125.556[MB/s], min speed: 78.595[MB/s]
[000] = (32623[ns]  - 32723[ns]) 9075 values	******************************************************************************************************************************************************
[001] = (32723[ns]  - 32823[ns]) 0839 values	*************
Running 10000 tests with 1024 words for 0xA1000000
write statistics: min: 1731143.0[ns], max: 5772476.0[ns], mean 1736459.4[ns], median 1732433.0[ns], deviation: 40709.2[ns]
mean speed: 2.359[MB/s], top speed: 2.366[MB/s], min speed: 0.710[MB/s]
[000] = (1731143[ns]  - 1731243[ns]) 9981 values	******************************************************************************************************************************************************
Running 10000 tests with 1024 words for 0x1000000
write statistics: min: 41514.0[ns], max: 104181.0[ns], mean 42266.6[ns], median 42044.0[ns], deviation: 1704.1[ns]
mean speed: 96.909[MB/s], top speed: 98.666[MB/s], min speed: 39.316[MB/s]
[000] = (41514[ns]  - 41614[ns]) 7115 values	******************************************************************************************************************************************************
[001] = (41614[ns]  - 41714[ns]) 2071 values	*******************************************
[002] = (41714[ns]  - 41814[ns]) 0488 values	**********
[003] = (41814[ns]  - 41914[ns]) 0207 values	****
