Small test for 32 words
[PROCESSOR] Running 10000 tests with 32 words
[PROCESSOR] write statistics: min: 180.0[ns], max: 16341.0[ns], mean 220.1[ns], median 220.0[ns], deviation: 163.1[ns]
mean speed: 581.677[MB/s], top speed: 711.111[MB/s], min speed: 7.833[MB/s]
[000] = (180[ns]  - 280[ns]) 9998 values	******************************************************************************************************************************************************
Running 10000 tests with 32 words for 0xA1102000
write statistics: min: 124633.0[ns], max: 229053.0[ns], mean 127781.8[ns], median 127123.0[ns], deviation: 3816.9[ns]
mean speed: 1.002[MB/s], top speed: 1.027[MB/s], min speed: 0.559[MB/s]
[000] = (124633[ns]  - 124733[ns]) 0350 values	******
[001] = (124733[ns]  - 124833[ns]) 0738 values	**************
[002] = (124833[ns]  - 124933[ns]) 7875 values	******************************************************************************************************************************************************
[003] = (124933[ns]  - 125033[ns]) 0578 values	***********
[004] = (125033[ns]  - 125133[ns]) 0106 values	**
[018] = (126433[ns]  - 126533[ns]) 0085 values	*
[023] = (126933[ns]  - 127033[ns]) 0058 values	*
[024] = (127033[ns]  - 127133[ns]) 0076 values	*
Big test for 64 words
[PROCESSOR] Running 10000 tests with 64 words
[PROCESSOR] write statistics: min: 200.0[ns], max: 22152.0[ns], mean 238.5[ns], median 240.0[ns], deviation: 219.6[ns]
mean speed: 1073.287[MB/s], top speed: 1280.000[MB/s], min speed: 11.557[MB/s]
[000] = (200[ns]  - 300[ns]) 9998 values	******************************************************************************************************************************************************
Running 10000 tests with 64 words for 0xA1102000
write statistics: min: 226702.0[ns], max: 430683.0[ns], mean 231745.5[ns], median 230873.0[ns], deviation: 5052.0[ns]
mean speed: 1.105[MB/s], top speed: 1.129[MB/s], min speed: 0.594[MB/s]
[000] = (226702[ns]  - 226802[ns]) 0314 values	********
[001] = (226802[ns]  - 226902[ns]) 3179 values	***********************************************************************************
[002] = (226902[ns]  - 227002[ns]) 5741 values	******************************************************************************************************************************************************
[003] = (227002[ns]  - 227102[ns]) 0086 values	**
[005] = (227202[ns]  - 227302[ns]) 0192 values	*****
[006] = (227302[ns]  - 227402[ns]) 0049 values	*
[007] = (227402[ns]  - 227502[ns]) 0076 values	*
[009] = (227602[ns]  - 227702[ns]) 0046 values	*
[010] = (227702[ns]  - 227802[ns]) 0185 values	****
