Small test for 32 words
[PROCESSOR] Running 10000 tests with 32 words
[PROCESSOR] write statistics: min: 170.0[ns], max: 2170.0[ns], mean 211.2[ns], median 210.0[ns], deviation: 24.1[ns]
mean speed: 606.118[MB/s], top speed: 752.941[MB/s], min speed: 58.986[MB/s]
[000] = (170[ns]  - 270[ns]) 0213 values	*****
[001] = (270[ns]  - 370[ns]) 3055 values	**********************************************************************************
[002] = (370[ns]  - 470[ns]) 5557 values	******************************************************************************************************************************************************
[003] = (470[ns]  - 570[ns]) 0991 values	**************************
[004] = (570[ns]  - 670[ns]) 0164 values	****
Running 10000 tests with 32 words for 0xA1102000
write statistics: min: 124632.0[ns], max: 197110.0[ns], mean 127495.7[ns], median 127003.0[ns], deviation: 3980.5[ns]
mean speed: 1.004[MB/s], top speed: 1.027[MB/s], min speed: 0.649[MB/s]
[000] = (124632[ns]  - 124732[ns]) 0243 values	*****
[001] = (124732[ns]  - 124832[ns]) 0366 values	*******
[002] = (124832[ns]  - 124932[ns]) 1104 values	**********************
[003] = (124932[ns]  - 125032[ns]) 7282 values	******************************************************************************************************************************************************
[004] = (125032[ns]  - 125132[ns]) 0449 values	*********
[005] = (125132[ns]  - 125232[ns]) 0167 values	***
[012] = (125832[ns]  - 125932[ns]) 0070 values	*
[014] = (126032[ns]  - 126132[ns]) 0057 values	*
Big test for 256 words
[PROCESSOR] Running 10000 tests with 256 words
[PROCESSOR] write statistics: min: 320.0[ns], max: 840.0[ns], mean 367.4[ns], median 361.0[ns], deviation: 20.2[ns]
mean speed: 2787.061[MB/s], top speed: 3200.000[MB/s], min speed: 1219.048[MB/s]
[001] = (420[ns]  - 520[ns]) 0143 values	********
[003] = (620[ns]  - 720[ns]) 0583 values	*********************************
[004] = (720[ns]  - 820[ns]) 0019 values	*
[005] = (820[ns]  - 920[ns]) 1690 values	**************************************************************************************************
[007] = (1020[ns]  - 1120[ns]) 2574 values	******************************************************************************************************************************************************
[009] = (1220[ns]  - 1320[ns]) 2315 values	**************************************************************************************************************************************
[011] = (1420[ns]  - 1520[ns]) 1375 values	********************************************************************************
[013] = (1620[ns]  - 1720[ns]) 0657 values	**************************************
[015] = (1820[ns]  - 1920[ns]) 0264 values	***************
[017] = (2020[ns]  - 2120[ns]) 0130 values	*******
[019] = (2220[ns]  - 2320[ns]) 0069 values	****
[021] = (2420[ns]  - 2520[ns]) 0036 values	**
[023] = (2620[ns]  - 2720[ns]) 0041 values	**
[025] = (2820[ns]  - 2920[ns]) 0034 values	*
[026] = (2920[ns]  - 3020[ns]) 0021 values	*
Running 10000 tests with 256 words for 0xA1102000
write statistics: min: 844775.0[ns], max: 1058626.0[ns], mean 854459.6[ns], median 853076.0[ns], deviation: 5089.5[ns]
mean speed: 1.198[MB/s], top speed: 1.212[MB/s], min speed: 0.967[MB/s]
[001] = (844875[ns]  - 844975[ns]) 0346 values	***********
[002] = (844975[ns]  - 845075[ns]) 1410 values	************************************************
[003] = (845075[ns]  - 845175[ns]) 4326 values	******************************************************************************************************************************************************
[004] = (845175[ns]  - 845275[ns]) 1610 values	*******************************************************
[005] = (845275[ns]  - 845375[ns]) 0250 values	********
[006] = (845375[ns]  - 845475[ns]) 0403 values	*************
[007] = (845475[ns]  - 845575[ns]) 0707 values	************************
[008] = (845575[ns]  - 845675[ns]) 0414 values	**************
[009] = (845675[ns]  - 845775[ns]) 0287 values	*********
[010] = (845775[ns]  - 845875[ns]) 0082 values	**
[011] = (845875[ns]  - 845975[ns]) 0064 values	**
[012] = (845975[ns]  - 846075[ns]) 0032 values	*
