Small test for 32 words
[PROCESSOR] Running 10000 tests with 32 words
[PROCESSOR] write statistics: min: 1150.0[ns], max: 37993.0[ns], mean 1182.7[ns], median 1170.0[ns], deviation: 415.1[ns]
mean speed: 108.230[MB/s], top speed: 111.304[MB/s], min speed: 3.369[MB/s]
[000] = (1150[ns]  - 1250[ns]) 9994 values	******************************************************************************************************************************************************
Running 10000 tests with 32 words for 0xA1102000
write statistics: min: 111931.0[ns], max: 202220.0[ns], mean 114491.2[ns], median 114041.0[ns], deviation: 3625.2[ns]
mean speed: 1.118[MB/s], top speed: 1.144[MB/s], min speed: 0.633[MB/s]
[000] = (111931[ns]  - 112031[ns]) 0430 values	********
[001] = (112031[ns]  - 112131[ns]) 0750 values	**************
[002] = (112131[ns]  - 112231[ns]) 7944 values	******************************************************************************************************************************************************
[003] = (112231[ns]  - 112331[ns]) 0423 values	*******
[004] = (112331[ns]  - 112431[ns]) 0103 values	*
[009] = (112831[ns]  - 112931[ns]) 0061 values	*
[011] = (113031[ns]  - 113131[ns]) 0056 values	*
Big test for 256 words
[PROCESSOR] Running 10000 tests with 256 words
[PROCESSOR] write statistics: min: 8240.0[ns], max: 28043.0[ns], mean 8279.2[ns], median 8261.0[ns], deviation: 470.7[ns]
mean speed: 123.684[MB/s], top speed: 124.272[MB/s], min speed: 36.515[MB/s]
[000] = (8240[ns]  - 8340[ns]) 9981 values	******************************************************************************************************************************************************
Running 10000 tests with 256 words for 0xA1102000
write statistics: min: 833234.0[ns], max: 893469.0[ns], mean 841453.5[ns], median 840094.0[ns], deviation: 4575.0[ns]
mean speed: 1.217[MB/s], top speed: 1.229[MB/s], min speed: 1.146[MB/s]
[001] = (833334[ns]  - 833434[ns]) 0038 values	**
[002] = (833434[ns]  - 833534[ns]) 0070 values	****
[003] = (833534[ns]  - 833634[ns]) 0117 values	******
[004] = (833634[ns]  - 833734[ns]) 0181 values	**********
[005] = (833734[ns]  - 833834[ns]) 0259 values	***************
[006] = (833834[ns]  - 833934[ns]) 0341 values	*******************
[007] = (833934[ns]  - 834034[ns]) 0615 values	***********************************
[008] = (834034[ns]  - 834134[ns]) 0586 values	*********************************
[009] = (834134[ns]  - 834234[ns]) 0682 values	***************************************
[010] = (834234[ns]  - 834334[ns]) 1005 values	**********************************************************
[011] = (834334[ns]  - 834434[ns]) 2586 values	******************************************************************************************************************************************************
[012] = (834434[ns]  - 834534[ns]) 0857 values	*************************************************
[013] = (834534[ns]  - 834634[ns]) 0229 values	*************
[014] = (834634[ns]  - 834734[ns]) 0137 values	*******
[015] = (834734[ns]  - 834834[ns]) 0097 values	*****
[016] = (834834[ns]  - 834934[ns]) 0080 values	****
[017] = (834934[ns]  - 835034[ns]) 0041 values	**
[018] = (835034[ns]  - 835134[ns]) 0039 values	**
[019] = (835134[ns]  - 835234[ns]) 0047 values	**
[020] = (835234[ns]  - 835334[ns]) 0077 values	****
[021] = (835334[ns]  - 835434[ns]) 0106 values	******
[022] = (835434[ns]  - 835534[ns]) 0097 values	*****
[023] = (835534[ns]  - 835634[ns]) 0156 values	*********
[024] = (835634[ns]  - 835734[ns]) 0194 values	***********
[025] = (835734[ns]  - 835834[ns]) 0317 values	******************
[026] = (835834[ns]  - 835934[ns]) 0121 values	*******
[027] = (835934[ns]  - 836034[ns]) 0109 values	******
[028] = (836034[ns]  - 836134[ns]) 0150 values	********
[029] = (836134[ns]  - 836234[ns]) 0159 values	*********
[030] = (836234[ns]  - 836334[ns]) 0232 values	*************
[031] = (836334[ns]  - 836434[ns]) 0043 values	**
[032] = (836434[ns]  - 836534[ns]) 0051 values	**
[033] = (836534[ns]  - 836634[ns]) 0048 values	**
[034] = (836634[ns]  - 836734[ns]) 0021 values	*
[035] = (836734[ns]  - 836834[ns]) 0019 values	*
[037] = (836934[ns]  - 837034[ns]) 0021 values	*
