Small test for 32 words
[PROCESSOR] Running 10000 tests with 32 words
[PROCESSOR] write statistics: min: 180.0[ns], max: 2060.0[ns], mean 223.0[ns], median 220.0[ns], deviation: 20.2[ns]
mean speed: 574.017[MB/s], top speed: 711.111[MB/s], min speed: 62.136[MB/s]
[001] = (280[ns]  - 380[ns]) 1177 values	*********************
[002] = (380[ns]  - 480[ns]) 8265 values	******************************************************************************************************************************************************
[003] = (480[ns]  - 580[ns]) 0514 values	*********
Running 10000 tests with 32 words for 0xA1102000
write statistics: min: 124772.0[ns], max: 198060.0[ns], mean 127562.4[ns], median 127162.0[ns], deviation: 3969.3[ns]
mean speed: 1.003[MB/s], top speed: 1.026[MB/s], min speed: 0.646[MB/s]
[000] = (124772[ns]  - 124872[ns]) 0229 values	****
[001] = (124872[ns]  - 124972[ns]) 0409 values	********
[002] = (124972[ns]  - 125072[ns]) 1109 values	**********************
[003] = (125072[ns]  - 125172[ns]) 7383 values	******************************************************************************************************************************************************
[004] = (125172[ns]  - 125272[ns]) 0410 values	********
[005] = (125272[ns]  - 125372[ns]) 0123 values	**
[012] = (125972[ns]  - 126072[ns]) 0077 values	*
[013] = (126072[ns]  - 126172[ns]) 0059 values	*
Running 10000 tests with 32 words for 0xAA000500
write statistics: min: 12051.0[ns], max: 57985.0[ns], mean 15543.3[ns], median 15531.0[ns], deviation: 1352.8[ns]
mean speed: 8.235[MB/s], top speed: 10.622[MB/s], min speed: 2.207[MB/s]
[001] = (12151[ns]  - 12251[ns]) 0043 values	*
[002] = (12251[ns]  - 12351[ns]) 0068 values	**
[003] = (12351[ns]  - 12451[ns]) 0160 values	******
[004] = (12451[ns]  - 12551[ns]) 0449 values	*******************
[005] = (12551[ns]  - 12651[ns]) 0780 values	*********************************
[006] = (12651[ns]  - 12751[ns]) 1772 values	****************************************************************************
[007] = (12751[ns]  - 12851[ns]) 3459 values	******************************************************************************************************************************************************
[008] = (12851[ns]  - 12951[ns]) 2210 values	***********************************************************************************************
[009] = (12951[ns]  - 13051[ns]) 0243 values	**********
[010] = (13051[ns]  - 13151[ns]) 0336 values	**************
[011] = (13151[ns]  - 13251[ns]) 0321 values	*************
[012] = (13251[ns]  - 13351[ns]) 0063 values	**
Big test for 256 words
[PROCESSOR] Running 10000 tests with 256 words
[PROCESSOR] write statistics: min: 330.0[ns], max: 6971.0[ns], mean 380.6[ns], median 380.0[ns], deviation: 67.9[ns]
mean speed: 2690.644[MB/s], top speed: 3103.030[MB/s], min speed: 146.894[MB/s]
[000] = (330[ns]  - 430[ns]) 8715 values	******************************************************************************************************************************************************
[001] = (430[ns]  - 530[ns]) 1255 values	*********************
Running 10000 tests with 256 words for 0xA1102000
write statistics: min: 849194.0[ns], max: 934373.0[ns], mean 858414.0[ns], median 857026.0[ns], deviation: 4812.8[ns]
mean speed: 1.193[MB/s], top speed: 1.206[MB/s], min speed: 1.096[MB/s]
[001] = (849294[ns]  - 849394[ns]) 0020 values	*
[002] = (849394[ns]  - 849494[ns]) 0077 values	****
[003] = (849494[ns]  - 849594[ns]) 0173 values	*********
[004] = (849594[ns]  - 849694[ns]) 0270 values	**************
[005] = (849694[ns]  - 849794[ns]) 0457 values	************************
[006] = (849794[ns]  - 849894[ns]) 0790 values	*****************************************
[007] = (849894[ns]  - 849994[ns]) 0830 values	********************************************
[008] = (849994[ns]  - 850094[ns]) 1602 values	*************************************************************************************
[009] = (850094[ns]  - 850194[ns]) 2822 values	***********************************************************************************