Small test for 32 words
[PROCESSOR] Running 10000 tests with 32 words
[PROCESSOR] write statistics: min: 170.0[ns], max: 2200.0[ns], mean 214.4[ns], median 220.0[ns], deviation: 23.5[ns]
mean speed: 596.955[MB/s], top speed: 752.941[MB/s], min speed: 58.182[MB/s]
[000] = (170[ns]  - 270[ns]) 0707 values	********************
[001] = (270[ns]  - 370[ns]) 3647 values	*******************************************************************************************************
[002] = (370[ns]  - 470[ns]) 5267 values	******************************************************************************************************************************************************
[003] = (470[ns]  - 570[ns]) 0321 values	*********
[004] = (570[ns]  - 670[ns]) 0055 values	*
Running 10000 tests with 32 words for 0xA1102000
write statistics: min: 124712.0[ns], max: 195890.0[ns], mean 127606.6[ns], median 127203.0[ns], deviation: 3589.2[ns]
mean speed: 1.003[MB/s], top speed: 1.026[MB/s], min speed: 0.653[MB/s]
[000] = (124712[ns]  - 124812[ns]) 0200 values	***
[001] = (124812[ns]  - 124912[ns]) 0338 values	******
[002] = (124912[ns]  - 125012[ns]) 0613 values	***********
[003] = (125012[ns]  - 125112[ns]) 7734 values	******************************************************************************************************************************************************
[004] = (125112[ns]  - 125212[ns]) 0536 values	**********
[005] = (125212[ns]  - 125312[ns]) 0210 values	****
[006] = (125312[ns]  - 125412[ns]) 0069 values	*
[012] = (125912[ns]  - 126012[ns]) 0066 values	*
[014] = (126112[ns]  - 126212[ns]) 0078 values	*
Running 10000 tests with 32 words for 0xAA000500
write statistics: min: 12061.0[ns], max: 59606.0[ns], mean 15604.9[ns], median 15591.0[ns], deviation: 1500.6[ns]
mean speed: 8.203[MB/s], top speed: 10.613[MB/s], min speed: 2.147[MB/s]
[001] = (12161[ns]  - 12261[ns]) 0039 values	*
[002] = (12261[ns]  - 12361[ns]) 0103 values	***
[003] = (12361[ns]  - 12461[ns]) 0196 values	*******
[004] = (12461[ns]  - 12561[ns]) 0431 values	****************
[005] = (12561[ns]  - 12661[ns]) 0971 values	*************************************
[006] = (12661[ns]  - 12761[ns]) 1830 values	*********************************************************************
[007] = (12761[ns]  - 12861[ns]) 3934 values	******************************************************************************************************************************************************
[008] = (12861[ns]  - 12961[ns]) 1529 values	**********************************************************
[009] = (12961[ns]  - 13061[ns]) 0183 values	******
[010] = (13061[ns]  - 13161[ns]) 0332 values	************
[011] = (13161[ns]  - 13261[ns]) 0330 values	************
[012] = (13261[ns]  - 13361[ns]) 0030 values	*
Running 10000 tests with 32 words for 0xA1010500
write statistics: min: 72777.0[ns], max: 121162.0[ns], mean 75050.3[ns], median 74868.0[ns], deviation: 2154.2[ns]
mean speed: 1.706[MB/s], top speed: 1.759[MB/s], min speed: 1.056[MB/s]
[000] = (72777[ns]  - 72877[ns]) 0148 values	***********
[001] = (72877[ns]  - 72977[ns]) 1556 values	************************************************************************************************************************
[002] = (72977[ns]  - 73077[ns]) 1743 values	***************************************************************************************************************************************
[003] = (73077[ns]  - 73177[ns]) 1167 values	******************************************************************************************
[004] = (73177[ns]  - 73277[ns]) 1243 values	************************************************************************************************
[005] = (73277[ns]  - 73377[ns]) 1936 values	******************************************************************************************************************************************************
[006] = (73377[ns]  - 73477[ns]) 1332 values	*******************************************************************************************************
[007] = (73477[ns]  - 73577[ns]) 0279 values	*********************
[008] = (73577[ns]  - 73677[ns]) 0164 values	************
[009] = (73677[ns]  - 73777[ns]) 0176 values	*************
[010] = (73777[ns]  - 73877[ns]) 0040 values	***
[014] = (74177[ns]  - 74277[ns]) 0019 values	*
[017] = (74477[ns]  - 74577[ns]) 0016 values	*
[018] = (74577[ns]  - 74677[ns]) 0018 values	*
[019] = (74677[ns]  - 74777[ns]) 0022 values	*
[020] = (74777[ns]  - 74877[ns]) 0013 values	*
[021] = (74877[ns]  - 74977[ns]) 0016 values	*
Big test for 190 words
[PROCESSOR] Running 10000 tests with 190 words
[PROCESSOR] write statistics: min: 290.0[ns], max: 750.0[ns], mean 336.0[ns], median 331.0[ns], deviation: 16.0[ns]
mean speed: 2261.994[MB/s], top speed: 2620.690[MB/s], min speed: 1013.333[MB/s]
[002] = (490[ns]  - 590[ns]) 0065 values	***
[004] = (690[ns]  - 790[ns]) 0492 values	************************
[006] = (890[ns]  - 990[ns]) 1524 values	****************************************************************************
[008] = (1090[ns]  - 1190[ns]) 2983 values	******************************************************************************************************************************************************
[010] = (1290[ns]  - 1390[ns]) 2682 values	**************************************************************************************************************************************
[011] = (1390[ns]  - 1490[ns]) 0105 values	*****
[013] = (1590[ns]  - 1690[ns]) 1402 values	**********************************************************************
[015] = (1790[ns]  - 1890[ns]) 0419 values	*********************
[017] = (1990[ns]  - 2090[ns]) 0125 values	******
[019] = (2190[ns]  - 2290[ns]) 0065 values	***
[021] = (2390[ns]  - 2490[ns]) 0047 values	**
[023] = (2590[ns]  - 2690[ns]) 0044 values	**
[026] = (2890[ns]  - 2990[ns]) 0022 values	*
Running 10000 tests with 190 words for 0xA1102000
write statistics: min: 643394.0[ns], max: 744885.0[ns], mean 651907.2[ns], median 650495.0[ns], deviation: 4881.1[ns]
mean speed: 1.166[MB/s], top speed: 1.181[MB/s], min speed: 1.020[MB/s]
[001] = (643494[ns]  - 643594[ns]) 0044 values	**
[002] = (643594[ns]  - 643694[ns]) 0073 values	***
[003] = (643694[ns]  - 643794[ns]) 0201 values	**********
[004] = (643794[ns]  - 643894[ns]) 0915 values	*************************************************
[005] = (643894[ns]  - 643994[ns]) 1094 values	***********************************************************
[006] = (643994[ns]  - 644094[ns]) 2684 values	*************************************************************************************************************************************************
[007] = (644094[ns]  - 644194[ns]) 2771 values	******************************************************************************************************************************************************
[008] = (644194[ns]  - 644294[ns]) 0358 values	*******************
[009] = (644294[ns]  - 644394[ns]) 0171 values	*********
[010] = (644394[ns]  - 644494[ns]) 0054 values	**
[011] = (644494[ns]  - 644594[ns]) 0025 values	*
[012] = (644594[ns]  - 644694[ns]) 0064 values	***
[013] = (644694[ns]  - 644794[ns]) 0133 values	*******
[014] = (644794[ns]  - 644894[ns]) 0129 values	******
[015] = (644894[ns]  - 644994[ns]) 0176 values	*********
[016] = (644994[ns]  - 645094[ns]) 0113 values	******
[017] = (645094[ns]  - 645194[ns]) 0152 values	********
[018] = (645194[ns]  - 645294[ns]) 0270 values	**************
[019] = (645294[ns]  - 645394[ns]) 0261 values	**************
[020] = (645394[ns]  - 645494[ns]) 0059 values	***
[021] = (645494[ns]  - 645594[ns]) 0069 values	***
[022] = (645594[ns]  - 645694[ns]) 0052 values	**
[023] = (645694[ns]  - 645794[ns]) 0041 values	**
Running 10000 tests with 190 words for 0xAA000500
write statistics: min: 30113.0[ns], max: 135434.0[ns], mean 31262.6[ns], median 30913.0[ns], deviation: 2243.4[ns]
mean speed: 24.310[MB/s], top speed: 25.238[MB/s], min speed: 5.612[MB/s]
[000] = (30113[ns]  - 30213[ns]) 7661 values	******************************************************************************************************************************************************
[001] = (30213[ns]  - 30313[ns]) 1404 values	***************************
[002] = (30313[ns]  - 30413[ns]) 0708 values	*************
Running 10000 tests with 190 words for 0xA1010500
write statistics: min: 342774.0[ns], max: 420902.0[ns], mean 349867.0[ns], median 349155.0[ns], deviation: 4388.7[ns]
mean speed: 2.172[MB/s], top speed: 2.217[MB/s], min speed: 1.806[MB/s]
[000] = (342774[ns]  - 342874[ns]) 0439 values	**************************************************************
[001] = (342874[ns]  - 342974[ns]) 0416 values	**********************************************************
[002] = (342974[ns]  - 343074[ns]) 0288 values	****************************************
[003] = (343074[ns]  - 343174[ns]) 0350 values	*************************************************
[004] = (343174[ns]  - 343274[ns]) 0736 values	********************************************************************************************************
[005] = (343274[ns]  - 343374[ns]) 0759 values	***********************************************************************************************************
[006] = (343374[ns]  - 343474[ns]) 0783 values	***************************************************************************************************************
[007] = (343474[ns]  - 343574[ns]) 1058 values	******************************************************************************************************************************************************
[008] = (343574[ns]  - 343674[ns]) 0718 values	*****************************************************************************************************
[009] = (343674[ns]  - 343774[ns]) 0659 values	*********************************************************************************************
[010] = (343774[ns]  - 343874[ns]) 0419 values	***********************************************************
[011] = (343874[ns]  - 343974[ns]) 0662 values	*********************************************************************************************
[012] = (343974[ns]  - 344074[ns]) 0915 values	*********************************************************************************************************************************
[013] = (344074[ns]  - 344174[ns]) 0683 values	************************************************************************************************
[014] = (344174[ns]  - 344274[ns]) 0244 values	**********************************
[015] = (344274[ns]  - 344374[ns]) 0117 values	****************
[016] = (344374[ns]  - 344474[ns]) 0056 values	*******
[017] = (344474[ns]  - 344574[ns]) 0063 values	********
[018] = (344574[ns]  - 344674[ns]) 0060 values	********
[019] = (344674[ns]  - 344774[ns]) 0066 values	*********
[020] = (344774[ns]  - 344874[ns]) 0077 values	**********
[021] = (344874[ns]  - 344974[ns]) 0061 values	********
[022] = (344974[ns]  - 345074[ns]) 0071 values	**********
[023] = (345074[ns]  - 345174[ns]) 0048 values	******
[024] = (345174[ns]  - 345274[ns]) 0056 values	*******
[025] = (345274[ns]  - 345374[ns]) 0038 values	*****
[026] = (345374[ns]  - 345474[ns]) 0046 values	******
[027] = (345474[ns]  - 345574[ns]) 0037 values	*****
[028] = (345574[ns]  - 345674[ns]) 0030 values	****
[030] = (345774[ns]  - 345874[ns]) 0008 values	*
