Small test for 32 words
[PROCESSOR] Running 10000 tests with 32 words
[PROCESSOR] write statistics: min: 1150.0[ns], max: 7451.0[ns], mean 1164.0[ns], median 1160.0[ns], deviation: 63.7[ns]
mean speed: 109.967[MB/s], top speed: 111.304[MB/s], min speed: 17.179[MB/s]
[000] = (1150[ns]  - 1250[ns]) 9996 values	******************************************************************************************************************************************************
Running 10000 tests with 32 words for 0xA1102000
write statistics: min: 111911.0[ns], max: 202260.0[ns], mean 114580.6[ns], median 114081.0[ns], deviation: 4174.3[ns]
mean speed: 1.117[MB/s], top speed: 1.144[MB/s], min speed: 0.633[MB/s]
[000] = (111911[ns]  - 112011[ns]) 0392 values	*******
[001] = (112011[ns]  - 112111[ns]) 0646 values	************
[002] = (112111[ns]  - 112211[ns]) 8003 values	******************************************************************************************************************************************************
[003] = (112211[ns]  - 112311[ns]) 0531 values	*********
[004] = (112311[ns]  - 112411[ns]) 0087 values	*
[009] = (112811[ns]  - 112911[ns]) 0065 values	*
[011] = (113011[ns]  - 113111[ns]) 0059 values	*
Running 10000 tests with 32 words for 0xAA000500
write statistics: min: 11921.0[ns], max: 61986.0[ns], mean 14971.1[ns], median 14941.0[ns], deviation: 1565.6[ns]
mean speed: 8.550[MB/s], top speed: 10.737[MB/s], min speed: 2.065[MB/s]
[000] = (11921[ns]  - 12021[ns]) 0045 values	*
[001] = (12021[ns]  - 12121[ns]) 0093 values	***
[002] = (12121[ns]  - 12221[ns]) 0233 values	*********
[003] = (12221[ns]  - 12321[ns]) 0523 values	**********************
[004] = (12321[ns]  - 12421[ns]) 1389 values	***********************************************************
[005] = (12421[ns]  - 12521[ns]) 2615 values	***************************************************************************************************************
[006] = (12521[ns]  - 12621[ns]) 3516 values	******************************************************************************************************************************************************
[007] = (12621[ns]  - 12721[ns]) 0770 values	********************************
[008] = (12721[ns]  - 12821[ns]) 0269 values	***********
[009] = (12821[ns]  - 12921[ns]) 0338 values	**************
[010] = (12921[ns]  - 13021[ns]) 0116 values	****
[011] = (13021[ns]  - 13121[ns]) 0026 values	*
Running 10000 tests with 32 words for 0xA1010500
write statistics: min: 65747.0[ns], max: 108791.0[ns], mean 67932.3[ns], median 67727.0[ns], deviation: 2252.6[ns]
mean speed: 1.884[MB/s], top speed: 1.947[MB/s], min speed: 1.177[MB/s]
[000] = (65747[ns]  - 65847[ns]) 0099 values	********
[001] = (65847[ns]  - 65947[ns]) 1252 values	*****************************************************************************************************
[002] = (65947[ns]  - 66047[ns]) 1848 values	******************************************************************************************************************************************************
[003] = (66047[ns]  - 66147[ns]) 1187 values	************************************************************************************************
[004] = (66147[ns]  - 66247[ns]) 1055 values	*************************************************************************************
[005] = (66247[ns]  - 66347[ns]) 1634 values	************************************************************************************************************************************
[006] = (66347[ns]  - 66447[ns]) 1782 values	************************************************************************************************************************************************
[007] = (66447[ns]  - 66547[ns]) 0482 values	***************************************
[008] = (66547[ns]  - 66647[ns]) 0150 values	************
[009] = (66647[ns]  - 66747[ns]) 0162 values	*************
[010] = (66747[ns]  - 66847[ns]) 0122 values	*********
[011] = (66847[ns]  - 66947[ns]) 0017 values	*
[019] = (67647[ns]  - 67747[ns]) 0021 values	*
Big test for 190 words
[PROCESSOR] Running 10000 tests with 190 words
[PROCESSOR] write statistics: min: 6150.0[ns], max: 31153.0[ns], mean 6181.9[ns], median 6170.0[ns], deviation: 428.9[ns]
mean speed: 122.940[MB/s], top speed: 123.577[MB/s], min speed: 24.396[MB/s]
[000] = (6150[ns]  - 6250[ns]) 9992 values	******************************************************************************************************************************************************
Running 10000 tests with 190 words for 0xA1102000
write statistics: min: 623702.0[ns], max: 716912.0[ns], mean 631879.1[ns], median 630623.0[ns], deviation: 4525.1[ns]
mean speed: 1.203[MB/s], top speed: 1.219[MB/s], min speed: 1.060[MB/s]
[001] = (623802[ns]  - 623902[ns]) 0034 values	*
[002] = (623902[ns]  - 624002[ns]) 0057 values	**
[003] = (624002[ns]  - 624102[ns]) 0123 values	****
[004] = (624102[ns]  - 624202[ns]) 0651 values	*************************
[005] = (624202[ns]  - 624302[ns]) 1126 values	*******************************************
[006] = (624302[ns]  - 624402[ns]) 1320 values	***************************************************
[007] = (624402[ns]  - 624502[ns]) 3852 values	******************************************************************************************************************************************************
[008] = (624502[ns]  - 624602[ns]) 0900 values	***********************************
[009] = (624602[ns]  - 624702[ns]) 0216 values	********
[010] = (624702[ns]  - 624802[ns]) 0122 values	****
[013] = (625002[ns]  - 625102[ns]) 0047 values	*
[014] = (625102[ns]  - 625202[ns]) 0126 values	****
[015] = (625202[ns]  - 625302[ns]) 0152 values	*****
[016] = (625302[ns]  - 625402[ns]) 0316 values	************
[017] = (625402[ns]  - 625502[ns]) 0091 values	***
[018] = (625502[ns]  - 625602[ns]) 0105 values	****
[019] = (625602[ns]  - 625702[ns]) 0154 values	*****
[020] = (625702[ns]  - 625802[ns]) 0195 values	*******
[021] = (625802[ns]  - 625902[ns]) 0169 values	******
[022] = (625902[ns]  - 626002[ns]) 0055 values	**
[023] = (626002[ns]  - 626102[ns]) 0054 values	**
Running 10000 tests with 190 words for 0xAA000500
write statistics: min: 29493.0[ns], max: 68787.0[ns], mean 30592.3[ns], median 30343.0[ns], deviation: 1501.2[ns]
mean speed: 24.843[MB/s], top speed: 25.769[MB/s], min speed: 11.049[MB/s]
[000] = (29493[ns]  - 29593[ns]) 0218 values	*******
[001] = (29593[ns]  - 29693[ns]) 3723 values	*******************************************************************************************************************************
[002] = (29693[ns]  - 29793[ns]) 4371 values	******************************************************************************************************************************************************
[003] = (29793[ns]  - 29893[ns]) 0546 values	******************
[004] = (29893[ns]  - 29993[ns]) 0129 values	****
[005] = (29993[ns]  - 30093[ns]) 0422 values	**************
[006] = (30093[ns]  - 30193[ns]) 0403 values	*************
[007] = (30193[ns]  - 30293[ns]) 0049 values	*
Running 10000 tests with 190 words for 0xA1010500
write statistics: min: 332304.0[ns], max: 436234.0[ns], mean 339328.2[ns], median 338673.0[ns], deviation: 4298.9[ns]
mean speed: 2.240[MB/s], top speed: 2.287[MB/s], min speed: 1.742[MB/s]
[000] = (332304[ns]  - 332404[ns]) 0529 values	*****************************************************************
[001] = (332404[ns]  - 332504[ns]) 0458 values	*********************************************************
[002] = (332504[ns]  - 332604[ns]) 0424 values	****************************************************
[003] = (332604[ns]  - 332704[ns]) 1077 values	**************************************************************************************************************************************
[004] = (332704[ns]  - 332804[ns]) 1121 values	*******************************************************************************************************************************************
[005] = (332804[ns]  - 332904[ns]) 1203 values	******************************************************************************************************************************************************
[006] = (332904[ns]  - 333004[ns]) 0967 values	************************************************************************************************************************
[007] = (333004[ns]  - 333104[ns]) 0758 values	**********************************************************************************************
[008] = (333104[ns]  - 333204[ns]) 1054 values	***********************************************************************************************************************************
[009] = (333204[ns]  - 333304[ns]) 1033 values	********************************************************************************************************************************
[010] = (333304[ns]  - 333404[ns]) 0492 values	*************************************************************
[011] = (333404[ns]  - 333504[ns]) 0172 values	*********************
[012] = (333504[ns]  - 333604[ns]) 0069 values	********
[013] = (333604[ns]  - 333704[ns]) 0072 values	********
[014] = (333704[ns]  - 333804[ns]) 0079 values	*********
[015] = (333804[ns]  - 333904[ns]) 0094 values	***********
[016] = (333904[ns]  - 334004[ns]) 0099 values	************
[017] = (334004[ns]  - 334104[ns]) 0088 values	**********
[018] = (334104[ns]  - 334204[ns]) 0050 values	******
[019] = (334204[ns]  - 334304[ns]) 0061 values	*******
[020] = (334304[ns]  - 334404[ns]) 0032 values	***
[021] = (334404[ns]  - 334504[ns]) 0026 values	***
[022] = (334504[ns]  - 334604[ns]) 0013 values	*
