Small test for 32 words
[PROCESSOR] Running 10000 tests with 32 words
[PROCESSOR] write statistics: min: 170.0[ns], max: 2220.0[ns], mean 205.6[ns], median 201.0[ns], deviation: 25.1[ns]
mean speed: 622.490[MB/s], top speed: 752.941[MB/s], min speed: 57.658[MB/s]
[000] = (170[ns]  - 270[ns]) 2143 values	****************************************************
[001] = (270[ns]  - 370[ns]) 6092 values	******************************************************************************************************************************************************
[002] = (370[ns]  - 470[ns]) 1404 values	**********************************
[003] = (470[ns]  - 570[ns]) 0258 values	******
[004] = (570[ns]  - 670[ns]) 0077 values	*
Running 10000 tests with 32 words for 0xAA000500
write statistics: min: 12311.0[ns], max: 53195.0[ns], mean 15437.4[ns], median 15412.0[ns], deviation: 1381.6[ns]
mean speed: 8.292[MB/s], top speed: 10.397[MB/s], min speed: 2.406[MB/s]
[001] = (12411[ns]  - 12511[ns]) 0064 values	**
[002] = (12511[ns]  - 12611[ns]) 0120 values	*****
[003] = (12611[ns]  - 12711[ns]) 0223 values	**********
[004] = (12711[ns]  - 12811[ns]) 0497 values	***********************
[005] = (12811[ns]  - 12911[ns]) 0686 values	*******************************
[006] = (12911[ns]  - 13011[ns]) 1605 values	**************************************************************************
[007] = (13011[ns]  - 13111[ns]) 3241 values	******************************************************************************************************************************************************
[008] = (13111[ns]  - 13211[ns]) 2290 values	*********************************************************************************************************
[009] = (13211[ns]  - 13311[ns]) 0372 values	*****************
[010] = (13311[ns]  - 13411[ns]) 0267 values	************
[011] = (13411[ns]  - 13511[ns]) 0350 values	****************
[012] = (13511[ns]  - 13611[ns]) 0160 values	*******
[013] = (13611[ns]  - 13711[ns]) 0025 values	*
Running 10000 tests with 32 words for 0xA1010500
write statistics: min: 72757.0[ns], max: 118692.0[ns], mean 74983.2[ns], median 74758.0[ns], deviation: 2329.0[ns]
mean speed: 1.707[MB/s], top speed: 1.759[MB/s], min speed: 1.078[MB/s]
[000] = (72757[ns]  - 72857[ns]) 0263 values	***********************
[001] = (72857[ns]  - 72957[ns]) 1538 values	*******************************************************************************************************************************************
[002] = (72957[ns]  - 73057[ns]) 1652 values	******************************************************************************************************************************************************
[003] = (73057[ns]  - 73157[ns]) 1136 values	*******************************************************************************************************
[004] = (73157[ns]  - 73257[ns]) 1182 values	***********************************************************************************************************
[005] = (73257[ns]  - 73357[ns]) 1648 values	*****************************************************************************************************************************************************
[006] = (73357[ns]  - 73457[ns]) 1494 values	***************************************************************************************************************************************
[007] = (73457[ns]  - 73557[ns]) 0400 values	************************************
[008] = (73557[ns]  - 73657[ns]) 0180 values	****************
[009] = (73657[ns]  - 73757[ns]) 0180 values	****************
[010] = (73757[ns]  - 73857[ns]) 0084 values	*******
[015] = (74257[ns]  - 74357[ns]) 0018 values	*
[016] = (74357[ns]  - 74457[ns]) 0012 values	*
[018] = (74557[ns]  - 74657[ns]) 0018 values	*
[019] = (74657[ns]  - 74757[ns]) 0026 values	**
[020] = (74757[ns]  - 74857[ns]) 0012 values	*
[021] = (74857[ns]  - 74957[ns]) 0014 values	*
Running 10000 tests with 32 words for 0xA1106500
write statistics: min: 129343.0[ns], max: 234844.0[ns], mean 132008.4[ns], median 131683.0[ns], deviation: 3344.7[ns]
mean speed: 0.970[MB/s], top speed: 0.990[MB/s], min speed: 0.545[MB/s]
[000] = (129343[ns]  - 129443[ns]) 2635 values	*************************************************************************************************************
[001] = (129443[ns]  - 129543[ns]) 1904 values	*******************************************************************************
[002] = (129543[ns]  - 129643[ns]) 3609 values	******************************************************************************************************************************************************
[003] = (129643[ns]  - 129743[ns]) 0919 values	**************************************
[004] = (129743[ns]  - 129843[ns]) 0463 values	*******************
[005] = (129843[ns]  - 129943[ns]) 0059 values	**
[006] = (129943[ns]  - 130043[ns]) 0030 values	*
[007] = (130043[ns]  - 130143[ns]) 0029 values	*
[008] = (130143[ns]  - 130243[ns]) 0038 values	*
[009] = (130243[ns]  - 130343[ns]) 0026 values	*
[014] = (130743[ns]  - 130843[ns]) 0046 values	*
[015] = (130843[ns]  - 130943[ns]) 0035 values	*
[016] = (130943[ns]  - 131043[ns]) 0048 values	*
Running 10000 tests with 32 words for 0xA1102000
write statistics: min: 129013.0[ns], max: 186789.0[ns], mean 132281.9[ns], median 131603.0[ns], deviation: 4325.9[ns]
mean speed: 0.968[MB/s], top speed: 0.992[MB/s], min speed: 0.685[MB/s]
[000] = (129013[ns]  - 129113[ns]) 0085 values	*
[001] = (129113[ns]  - 129213[ns]) 0255 values	*****
[002] = (129213[ns]  - 129313[ns]) 0328 values	*******
[003] = (129313[ns]  - 129413[ns]) 0794 values	*****************
[004] = (129413[ns]  - 129513[ns]) 6920 values	******************************************************************************************************************************************************
[005] = (129513[ns]  - 129613[ns]) 0703 values	***************
[006] = (129613[ns]  - 129713[ns]) 0298 values	******
[007] = (129713[ns]  - 129813[ns]) 0195 values	****
Big test for 190 words
[PROCESSOR] Running 10000 tests with 190 words
[PROCESSOR] write statistics: min: 280.0[ns], max: 9241.0[ns], mean 335.1[ns], median 330.0[ns], deviation: 91.2[ns]
mean speed: 2267.895[MB/s], top speed: 2714.286[MB/s], min speed: 82.242[MB/s]
[000] = (280[ns]  - 380[ns]) 9404 values	******************************************************************************************************************************************************
[001] = (380[ns]  - 480[ns]) 0591 values	*********
Running 10000 tests with 190 words for 0xAA000500
write statistics: min: 30293.0[ns], max: 67587.0[ns], mean 31283.1[ns], median 31013.0[ns], deviation: 1421.9[ns]
mean speed: 24.294[MB/s], top speed: 25.088[MB/s], min speed: 11.245[MB/s]
[000] = (30293[ns]  - 30393[ns]) 0737 values	***********************
[001] = (30393[ns]  - 30493[ns]) 4648 values	******************************************************************************************************************************************************
[002] = (30493[ns]  - 30593[ns]) 2999 values	************************************************************************************************
[003] = (30593[ns]  - 30693[ns]) 0398 values	************
[004] = (30693[ns]  - 30793[ns]) 0125 values	****
[005] = (30793[ns]  - 30893[ns]) 0431 values	*************
[006] = (30893[ns]  - 30993[ns]) 0413 values	*************
[007] = (30993[ns]  - 31093[ns]) 0086 values	**
Running 10000 tests with 190 words for 0xA1010500
write statistics: min: 342834.0[ns], max: 447675.0[ns], mean 349763.9[ns], median 349075.0[ns], deviation: 4387.3[ns]
mean speed: 2.173[MB/s], top speed: 2.217[MB/s], min speed: 1.698[MB/s]
[000] = (342834[ns]  - 342934[ns]) 0732 values	**************************************************************************************
[001] = (342934[ns]  - 343034[ns]) 0398 values	**********************************************
[002] = (343034[ns]  - 343134[ns]) 0480 values	********************************************************
[003] = (343134[ns]  - 343234[ns]) 1016 values	***********************************************************************************************************************
[004] = (343234[ns]  - 343334[ns]) 1158 values	****************************************************************************************************************************************
[005] = (343334[ns]  - 343434[ns]) 1272 values	******************************************************************************************************************************************************
[006] = (343434[ns]  - 343534[ns]) 0830 values	*************************************************************************************************
[007] = (343534[ns]  - 343634[ns]) 0714 values	************************************************************************************
[008] = (343634[ns]  - 343734[ns]) 0968 values	******************************************************************************************************************
[009] = (343734[ns]  - 343834[ns]) 1053 values	****************************************************************************************************************************
[010] = (343834[ns]  - 343934[ns]) 0512 values	************************************************************
[011] = (343934[ns]  - 344034[ns]) 0153 values	******************
[012] = (344034[ns]  - 344134[ns]) 0085 values	**********
[013] = (344134[ns]  - 344234[ns]) 0087 values	**********
[014] = (344234[ns]  - 344334[ns]) 0079 values	*********
[015] = (344334[ns]  - 344434[ns]) 0101 values	***********
[016] = (344434[ns]  - 344534[ns]) 0096 values	***********
[017] = (344534[ns]  - 344634[ns]) 0066 values	*******
[018] = (344634[ns]  - 344734[ns]) 0052 values	******
[019] = (344734[ns]  - 344834[ns]) 0050 values	*****
[020] = (344834[ns]  - 344934[ns]) 0028 values	***
[021] = (344934[ns]  - 345034[ns]) 0028 values	***
[022] = (345034[ns]  - 345134[ns]) 0010 values	*
Running 10000 tests with 190 words for 0xA1106500
write statistics: min: 649225.0[ns], max: 763786.0[ns], mean 657888.4[ns], median 656445.0[ns], deviation: 5104.7[ns]
mean speed: 1.155[MB/s], top speed: 1.171[MB/s], min speed: 0.995[MB/s]
[000] = (649225[ns]  - 649325[ns]) 0170 values	****************
[001] = (649325[ns]  - 649425[ns]) 0379 values	***********************************
[002] = (649425[ns]  - 649525[ns]) 0541 values	***************************************************
[003] = (649525[ns]  - 649625[ns]) 0635 values	************************************************************
[004] = (649625[ns]  - 649725[ns]) 1312 values	****************************************************************************************************************************
[005] = (649725[ns]  - 649825[ns]) 1585 values	******************************************************************************************************************************************************
[006] = (649825[ns]  - 649925[ns]) 1036 values	**************************************************************************************************
[007] = (649925[ns]  - 650025[ns]) 0536 values	**************************************************
[008] = (650025[ns]  - 650125[ns]) 0523 values	*************************************************
[009] = (650125[ns]  - 650225[ns]) 0665 values	**************************************************************
[010] = (650225[ns]  - 650325[ns]) 0501 values	***********************************************
[011] = (650325[ns]  - 650425[ns]) 0548 values	***************************************************
[012] = (650425[ns]  - 650525[ns]) 0544 values	***************************************************
[013] = (650525[ns]  - 650625[ns]) 0267 values	*************************
[014] = (650625[ns]  - 650725[ns]) 0182 values	*****************
[015] = (650725[ns]  - 650825[ns]) 0145 values	*************
[016] = (650825[ns]  - 650925[ns]) 0097 values	*********
[017] = (650925[ns]  - 651025[ns]) 0072 values	******
[018] = (651025[ns]  - 651125[ns]) 0088 values	********
[019] = (651125[ns]  - 651225[ns]) 0061 values	*****
[020] = (651225[ns]  - 651325[ns]) 0048 values	****
[021] = (651325[ns]  - 651425[ns]) 0025 values	**
[022] = (651425[ns]  - 651525[ns]) 0013 values	*
Running 10000 tests with 190 words for 0xA1102000
write statistics: min: 644104.0[ns], max: 700770.0[ns], mean 652345.7[ns], median 650915.0[ns], deviation: 4726.7[ns]
mean speed: 1.165[MB/s], top speed: 1.180[MB/s], min speed: 1.085[MB/s]
[001] = (644204[ns]  - 644304[ns]) 0017 values	*
[002] = (644304[ns]  - 644404[ns]) 0022 values	*
[003] = (644404[ns]  - 644504[ns]) 0030 values	**
[004] = (644504[ns]  - 644604[ns]) 0051 values	***
[005] = (644604[ns]  - 644704[ns]) 0066 values	****
[006] = (644704[ns]  - 644804[ns]) 0210 values	**************
[007] = (644804[ns]  - 644904[ns]) 0493 values	**********************************
[008] = (644904[ns]  - 645004[ns]) 0600 values	*****************************************
[009] = (645004[ns]  - 645104[ns]) 0630 values	*******************************************
[010] = (645104[ns]  - 645204[ns]) 0903 values	**************************************************************
[011] = (645204[ns]  - 645304[ns]) 1897 values	***********************************************************************************************************************************
[012] = (645304[ns]  - 645404[ns]) 2169 values	******************************************************************************************************************************************************
[013] = (645404[ns]  - 645504[ns]) 0734 values	**************************************************
[014] = (645504[ns]  - 645604[ns]) 0245 values	****************
[015] = (645604[ns]  - 645704[ns]) 0143 values	*********
[016] = (645704[ns]  - 645804[ns]) 0077 values	*****
[017] = (645804[ns]  - 645904[ns]) 0063 values	****
[018] = (645904[ns]  - 646004[ns]) 0024 values	*
[021] = (646204[ns]  - 646304[ns]) 0024 values	*
[022] = (646304[ns]  - 646404[ns]) 0039 values	**
[023] = (646404[ns]  - 646504[ns]) 0073 values	*****
[024] = (646504[ns]  - 646604[ns]) 0053 values	***
[025] = (646604[ns]  - 646704[ns]) 0081 values	*****
[026] = (646704[ns]  - 646804[ns]) 0103 values	*******
[027] = (646804[ns]  - 646904[ns]) 0113 values	*******
[028] = (646904[ns]  - 647004[ns]) 0051 values	***
[029] = (647004[ns]  - 647104[ns]) 0067 values	****
[030] = (647104[ns]  - 647204[ns]) 0076 values	*****
[031] = (647204[ns]  - 647304[ns]) 0102 values	*******
[032] = (647304[ns]  - 647404[ns]) 0162 values	***********
[033] = (647404[ns]  - 647504[ns]) 0121 values	********
[034] = (647504[ns]  - 647604[ns]) 0218 values	***************
[035] = (647604[ns]  - 647704[ns]) 0042 values	**
[036] = (647704[ns]  - 647804[ns]) 0036 values	**
[037] = (647804[ns]  - 647904[ns]) 0039 values	**
[038] = (647904[ns]  - 648004[ns]) 0029 values	**
[039] = (648004[ns]  - 648104[ns]) 0032 values	**
[040] = (648104[ns]  - 648204[ns]) 0032 values	**
[041] = (648204[ns]  - 648304[ns]) 0017 values	*
