Small test for 32 words
[PROCESSOR] Running 10000 tests with 32 words
[PROCESSOR] read statistics: min: 1410.0[ns], max: 11341.0[ns], mean 1416.6[ns], median 1410.0[ns], deviation: 146.8[ns]
mean speed: 90.354[MB/s], top speed: 90.780[MB/s], min speed: 11.286[MB/s]
[000] = (1410[ns]  - 1510[ns]) 9967 values	******************************************************************************************************************************************************
Running 10000 tests with 32 words for 0xAA000500
read statistics: min: 9431.0[ns], max: 40264.0[ns], mean 12093.6[ns], median 12101.0[ns], deviation: 991.1[ns]
mean speed: 10.584[MB/s], top speed: 13.572[MB/s], min speed: 3.179[MB/s]
[001] = (9531[ns]  - 9631[ns]) 0063 values	***
[002] = (9631[ns]  - 9731[ns]) 0079 values	****
[003] = (9731[ns]  - 9831[ns]) 0188 values	**********
[004] = (9831[ns]  - 9931[ns]) 0295 values	****************
[005] = (9931[ns]  - 10031[ns]) 0503 values	****************************
[006] = (10031[ns]  - 10131[ns]) 1125 values	***************************************************************
[007] = (10131[ns]  - 10231[ns]) 1250 values	***********************************************************************
[008] = (10231[ns]  - 10331[ns]) 2637 values	******************************************************************************************************************************************************
[009] = (10331[ns]  - 10431[ns]) 2440 values	******************************************************************************************************************************************
[010] = (10431[ns]  - 10531[ns]) 0434 values	************************
[011] = (10531[ns]  - 10631[ns]) 0137 values	*******
[012] = (10631[ns]  - 10731[ns]) 0177 values	**********
[013] = (10731[ns]  - 10831[ns]) 0360 values	********************
[014] = (10831[ns]  - 10931[ns]) 0160 values	*********
[015] = (10931[ns]  - 11031[ns]) 0025 values	*
[016] = (11031[ns]  - 11131[ns]) 0019 values	*
[017] = (11131[ns]  - 11231[ns]) 0019 values	*
Running 10000 tests with 32 words for 0xA1010500
read statistics: min: 11961.0[ns], max: 35754.0[ns], mean 12983.2[ns], median 12811.0[ns], deviation: 854.0[ns]
mean speed: 9.859[MB/s], top speed: 10.701[MB/s], min speed: 3.580[MB/s]
[000] = (11961[ns]  - 12061[ns]) 0071 values	***
[001] = (12061[ns]  - 12161[ns]) 0906 values	*******************************************
[002] = (12161[ns]  - 12261[ns]) 2263 values	************************************************************************************************************
[003] = (12261[ns]  - 12361[ns]) 3127 values	******************************************************************************************************************************************************
[004] = (12361[ns]  - 12461[ns]) 1881 values	******************************************************************************************
[005] = (12461[ns]  - 12561[ns]) 0553 values	**************************
[006] = (12561[ns]  - 12661[ns]) 0096 values	****
[007] = (12661[ns]  - 12761[ns]) 0069 values	***
[008] = (12761[ns]  - 12861[ns]) 0191 values	*********
[009] = (12861[ns]  - 12961[ns]) 0310 values	**************
[010] = (12961[ns]  - 13061[ns]) 0292 values	**************
[011] = (13061[ns]  - 13161[ns]) 0097 values	****
Running 10000 tests with 32 words for 0xA1106500
read statistics: min: 12451.0[ns], max: 37543.0[ns], mean 13352.7[ns], median 13171.0[ns], deviation: 858.5[ns]
mean speed: 9.586[MB/s], top speed: 10.280[MB/s], min speed: 3.409[MB/s]
[000] = (12451[ns]  - 12551[ns]) 0172 values	******
[001] = (12551[ns]  - 12651[ns]) 1730 values	*********************************************************************
[002] = (12651[ns]  - 12751[ns]) 3711 values	******************************************************************************************************************************************************
[003] = (12751[ns]  - 12851[ns]) 2558 values	*******************************************************************************************************
[004] = (12851[ns]  - 12951[ns]) 0660 values	**************************
[005] = (12951[ns]  - 13051[ns]) 0066 values	**
[007] = (13151[ns]  - 13251[ns]) 0169 values	******
[008] = (13251[ns]  - 13351[ns]) 0454 values	******************
[009] = (13351[ns]  - 13451[ns]) 0265 values	**********
[010] = (13451[ns]  - 13551[ns]) 0058 values	**
Running 10000 tests with 32 words for 0xA1102000
read statistics: min: 18022.0[ns], max: 198110.0[ns], mean 18831.9[ns], median 18572.0[ns], deviation: 4692.0[ns]
mean speed: 6.797[MB/s], top speed: 7.102[MB/s], min speed: 0.646[MB/s]
[000] = (18022[ns]  - 18122[ns]) 9809 values	******************************************************************************************************************************************************
[001] = (18122[ns]  - 18222[ns]) 0130 values	*
Big test for 190 words
[PROCESSOR] Running 10000 tests with 190 words
[PROCESSOR] read statistics: min: 7730.0[ns], max: 120382.0[ns], mean 7765.4[ns], median 7731.0[ns], deviation: 1602.2[ns]
mean speed: 97.870[MB/s], top speed: 98.318[MB/s], min speed: 6.313[MB/s]
[000] = (7730[ns]  - 7830[ns]) 9980 values	******************************************************************************************************************************************************
Running 10000 tests with 190 words for 0xAA000500
read statistics: min: 18582.0[ns], max: 40364.0[ns], mean 19689.6[ns], median 19512.0[ns], deviation: 845.4[ns]
mean speed: 38.599[MB/s], top speed: 40.900[MB/s], min speed: 18.829[MB/s]
[001] = (18682[ns]  - 18782[ns]) 0174 values	********
[002] = (18782[ns]  - 18882[ns]) 0976 values	**********************************************
[003] = (18882[ns]  - 18982[ns]) 2971 values	*********************************************************************************************************************************************
[004] = (18982[ns]  - 19082[ns]) 3139 values	******************************************************************************************************************************************************
[005] = (19082[ns]  - 19182[ns]) 1321 values	***************************************************************
[006] = (19182[ns]  - 19282[ns]) 0287 values	*************
[007] = (19282[ns]  - 19382[ns]) 0045 values	**
[008] = (19382[ns]  - 19482[ns]) 0026 values	*
[009] = (19482[ns]  - 19582[ns]) 0159 values	*******
[010] = (19582[ns]  - 19682[ns]) 0394 values	******************
[011] = (19682[ns]  - 19782[ns]) 0250 values	***********
[012] = (19782[ns]  - 19882[ns]) 0084 values	****
[017] = (20282[ns]  - 20382[ns]) 0023 values	*
Running 10000 tests with 190 words for 0xA1010500
read statistics: min: 19122.0[ns], max: 107481.0[ns], mean 20063.0[ns], median 19852.0[ns], deviation: 1248.3[ns]
mean speed: 37.881[MB/s], top speed: 39.745[MB/s], min speed: 7.071[MB/s]
[000] = (19122[ns]  - 19222[ns]) 7197 values	******************************************************************************************************************************************************
[001] = (19222[ns]  - 19322[ns]) 1688 values	***********************************
[002] = (19322[ns]  - 19422[ns]) 0941 values	*******************
[003] = (19422[ns]  - 19522[ns]) 0053 values	*
Running 10000 tests with 190 words for 0xA1106500
read statistics: min: 19312.0[ns], max: 41585.0[ns], mean 20193.6[ns], median 19982.0[ns], deviation: 896.5[ns]
mean speed: 37.636[MB/s], top speed: 39.354[MB/s], min speed: 18.276[MB/s]
[000] = (19312[ns]  - 19412[ns]) 0054 values	**
[001] = (19412[ns]  - 19512[ns]) 1160 values	**********************************************
[002] = (19512[ns]  - 19612[ns]) 3773 values	******************************************************************************************************************************************************
[003] = (19612[ns]  - 19712[ns]) 2891 values	******************************************************************************************************************
[004] = (19712[ns]  - 19812[ns]) 0818 values	********************************
[005] = (19812[ns]  - 19912[ns]) 0144 values	*****
[008] = (20112[ns]  - 20212[ns]) 0174 values	******
[009] = (20212[ns]  - 20312[ns]) 0462 values	******************
[010] = (20312[ns]  - 20412[ns]) 0259 values	**********
[011] = (20412[ns]  - 20512[ns]) 0062 values	**
Running 10000 tests with 190 words for 0xA1102000
read statistics: min: 24943.0[ns], max: 282248.0[ns], mean 25821.9[ns], median 25543.0[ns], deviation: 4519.5[ns]
mean speed: 29.432[MB/s], top speed: 30.469[MB/s], min speed: 2.693[MB/s]
[000] = (24943[ns]  - 25043[ns]) 9900 values	******************************************************************************************************************************************************
