Small test for 32 words
[PROCESSOR] Running 10000 tests with 32 words
[PROCESSOR] write statistics: min: 1150.0[ns], max: 24312.0[ns], mean 1174.3[ns], median 1160.0[ns], deviation: 431.9[ns]
mean speed: 108.998[MB/s], top speed: 111.304[MB/s], min speed: 5.265[MB/s]
[000] = (1150[ns]  - 1250[ns]) 9994 values	******************************************************************************************************************************************************
Running 10000 tests with 32 words for 0xAA000500
write statistics: min: 11771.0[ns], max: 51435.0[ns], mean 15184.6[ns], median 15141.0[ns], deviation: 1667.7[ns]
mean speed: 8.430[MB/s], top speed: 10.874[MB/s], min speed: 2.489[MB/s]
[001] = (11871[ns]  - 11971[ns]) 0046 values	**
[002] = (11971[ns]  - 12071[ns]) 0068 values	***
[003] = (12071[ns]  - 12171[ns]) 0149 values	********
[004] = (12171[ns]  - 12271[ns]) 0277 values	***************
[005] = (12271[ns]  - 12371[ns]) 0636 values	**********************************
[006] = (12371[ns]  - 12471[ns]) 1019 values	*******************************************************
[007] = (12471[ns]  - 12571[ns]) 1566 values	*************************************************************************************
[008] = (12571[ns]  - 12671[ns]) 2741 values	******************************************************************************************************************************************************
[009] = (12671[ns]  - 12771[ns]) 2212 values	*************************************************************************************************************************
[010] = (12771[ns]  - 12871[ns]) 0428 values	***********************
[011] = (12871[ns]  - 12971[ns]) 0160 values	********
[012] = (12971[ns]  - 13071[ns]) 0255 values	*************
[013] = (13071[ns]  - 13171[ns]) 0272 values	**************
[014] = (13171[ns]  - 13271[ns]) 0067 values	***
Running 10000 tests with 32 words for 0xA1010500
write statistics: min: 65837.0[ns], max: 96570.0[ns], mean 68083.3[ns], median 67777.0[ns], deviation: 2527.5[ns]
mean speed: 1.880[MB/s], top speed: 1.944[MB/s], min speed: 1.325[MB/s]
[000] = (65837[ns]  - 65937[ns]) 0041 values	****
[001] = (65937[ns]  - 66037[ns]) 0400 values	******************************************
[002] = (66037[ns]  - 66137[ns]) 1248 values	************************************************************************************************************************************
[003] = (66137[ns]  - 66237[ns]) 1393 values	***************************************************************************************************************************************************
[004] = (66237[ns]  - 66337[ns]) 0908 values	************************************************************************************************
[005] = (66337[ns]  - 66437[ns]) 0767 values	*********************************************************************************
[006] = (66437[ns]  - 66537[ns]) 0817 values	**************************************************************************************
[007] = (66537[ns]  - 66637[ns]) 1049 values	***************************************************************************************************************
[008] = (66637[ns]  - 66737[ns]) 1413 values	******************************************************************************************************************************************************
[009] = (66737[ns]  - 66837[ns]) 0942 values	****************************************************************************************************
[010] = (66837[ns]  - 66937[ns]) 0252 values	**************************
[011] = (66937[ns]  - 67037[ns]) 0117 values	************
[012] = (67037[ns]  - 67137[ns]) 0118 values	************
[013] = (67137[ns]  - 67237[ns]) 0137 values	**************
[014] = (67237[ns]  - 67337[ns]) 0114 values	************
[015] = (67337[ns]  - 67437[ns]) 0042 values	****
[016] = (67437[ns]  - 67537[ns]) 0022 values	**
[058] = (71637[ns]  - 71737[ns]) 0016 values	*
[059] = (71737[ns]  - 71837[ns]) 0018 values	*
[061] = (71937[ns]  - 72037[ns]) 0016 values	*
[062] = (72037[ns]  - 72137[ns]) 0019 values	**
[063] = (72137[ns]  - 72237[ns]) 0015 values	*
[064] = (72237[ns]  - 72337[ns]) 0015 values	*
[065] = (72337[ns]  - 72437[ns]) 0013 values	*
Running 10000 tests with 32 words for 0xA1106500
write statistics: min: 116302.0[ns], max: 234113.0[ns], mean 118859.8[ns], median 118542.0[ns], deviation: 3304.6[ns]
mean speed: 1.077[MB/s], top speed: 1.101[MB/s], min speed: 0.547[MB/s]
[000] = (116302[ns]  - 116402[ns]) 3065 values	*******************************************************************************************************************************************
[001] = (116402[ns]  - 116502[ns]) 2380 values	************************************************************************************************************
[002] = (116502[ns]  - 116602[ns]) 3296 values	******************************************************************************************************************************************************
[003] = (116602[ns]  - 116702[ns]) 0815 values	*************************************
[004] = (116702[ns]  - 116802[ns]) 0096 values	****
[005] = (116802[ns]  - 116902[ns]) 0028 values	*
[013] = (117602[ns]  - 117702[ns]) 0045 values	**
[014] = (117702[ns]  - 117802[ns]) 0061 values	**
[015] = (117802[ns]  - 117902[ns]) 0069 values	***
[016] = (117902[ns]  - 118002[ns]) 0071 values	***
Running 10000 tests with 32 words for 0xA1102000
write statistics: min: 116351.0[ns], max: 243204.0[ns], mean 119311.1[ns], median 118652.0[ns], deviation: 4628.8[ns]
mean speed: 1.073[MB/s], top speed: 1.100[MB/s], min speed: 0.526[MB/s]
[000] = (116351[ns]  - 116451[ns]) 0499 values	*********
[001] = (116451[ns]  - 116551[ns]) 7654 values	******************************************************************************************************************************************************
[002] = (116551[ns]  - 116651[ns]) 1335 values	**************************
[003] = (116651[ns]  - 116751[ns]) 0182 values	***
Big test for 190 words
[PROCESSOR] Running 10000 tests with 190 words
[PROCESSOR] write statistics: min: 6150.0[ns], max: 25163.0[ns], mean 6200.3[ns], median 6171.0[ns], deviation: 629.0[ns]
mean speed: 122.575[MB/s], top speed: 123.577[MB/s], min speed: 30.203[MB/s]
[000] = (6150[ns]  - 6250[ns]) 9974 values	******************************************************************************************************************************************************
Running 10000 tests with 190 words for 0xAA000500
write statistics: min: 29673.0[ns], max: 76157.0[ns], mean 30787.4[ns], median 30543.0[ns], deviation: 1407.1[ns]
mean speed: 24.685[MB/s], top speed: 25.613[MB/s], min speed: 9.979[MB/s]
[000] = (29673[ns]  - 29773[ns]) 0450 values	************
[001] = (29773[ns]  - 29873[ns]) 5343 values	******************************************************************************************************************************************************
[002] = (29873[ns]  - 29973[ns]) 2887 values	*********************************************************************************
[003] = (29973[ns]  - 30073[ns]) 0219 values	******
[004] = (30073[ns]  - 30173[ns]) 0368 values	**********
[005] = (30173[ns]  - 30273[ns]) 0527 values	**************
[006] = (30273[ns]  - 30373[ns]) 0065 values	*
Running 10000 tests with 190 words for 0xA1010500
write statistics: min: 332493.0[ns], max: 448174.0[ns], mean 339505.3[ns], median 338864.0[ns], deviation: 4468.7[ns]
mean speed: 2.239[MB/s], top speed: 2.286[MB/s], min speed: 1.696[MB/s]
[000] = (332493[ns]  - 332593[ns]) 0663 values	***********************************************************************
[001] = (332593[ns]  - 332693[ns]) 0490 values	****************************************************
[002] = (332693[ns]  - 332793[ns]) 0605 values	*****************************************************************
[003] = (332793[ns]  - 332893[ns]) 1234 values	*************************************************************************************************************************************
[004] = (332893[ns]  - 332993[ns]) 1193 values	*********************************************************************************************************************************
[005] = (332993[ns]  - 333093[ns]) 1387 values	******************************************************************************************************************************************************
[006] = (333093[ns]  - 333193[ns]) 0861 values	*********************************************************************************************
[007] = (333193[ns]  - 333293[ns]) 0923 values	***************************************************************************************************
[008] = (333293[ns]  - 333393[ns]) 1219 values	***********************************************************************************************************************************
[009] = (333393[ns]  - 333493[ns]) 0550 values	***********************************************************
[010] = (333493[ns]  - 333593[ns]) 0183 values	*******************
[011] = (333593[ns]  - 333693[ns]) 0095 values	**********
[012] = (333693[ns]  - 333793[ns]) 0093 values	**********
[013] = (333793[ns]  - 333893[ns]) 0098 values	**********
[014] = (333893[ns]  - 333993[ns]) 0085 values	*********
[015] = (333993[ns]  - 334093[ns]) 0107 values	***********
[016] = (334093[ns]  - 334193[ns]) 0058 values	******
[017] = (334193[ns]  - 334293[ns]) 0041 values	****
[018] = (334293[ns]  - 334393[ns]) 0040 values	****
[019] = (334393[ns]  - 334493[ns]) 0028 values	***
[020] = (334493[ns]  - 334593[ns]) 0011 values	*
[021] = (334593[ns]  - 334693[ns]) 0010 values	*
Running 10000 tests with 190 words for 0xA1106500
write statistics: min: 629553.0[ns], max: 730623.0[ns], mean 638238.5[ns], median 636774.0[ns], deviation: 5102.7[ns]
mean speed: 1.191[MB/s], top speed: 1.207[MB/s], min speed: 1.040[MB/s]
[000] = (629553[ns]  - 629653[ns]) 0103 values	***********
[001] = (629653[ns]  - 629753[ns]) 0309 values	*********************************
[002] = (629753[ns]  - 629853[ns]) 0432 values	**********************************************
[003] = (629853[ns]  - 629953[ns]) 0471 values	**************************************************
[004] = (629953[ns]  - 630053[ns]) 0864 values	********************************************************************************************
[005] = (630053[ns]  - 630153[ns]) 1251 values	*************************************************************************************************************************************
[006] = (630153[ns]  - 630253[ns]) 1403 values	******************************************************************************************************************************************************
[007] = (630253[ns]  - 630353[ns]) 0853 values	*******************************************************************************************
[008] = (630353[ns]  - 630453[ns]) 0492 values	****************************************************
[009] = (630453[ns]  - 630553[ns]) 0460 values	*************************************************
[010] = (630553[ns]  - 630653[ns]) 0623 values	******************************************************************
[011] = (630653[ns]  - 630753[ns]) 0419 values	********************************************
[012] = (630753[ns]  - 630853[ns]) 0389 values	*****************************************
[013] = (630853[ns]  - 630953[ns]) 0603 values	****************************************************************
[014] = (630953[ns]  - 631053[ns]) 0389 values	*****************************************
[015] = (631053[ns]  - 631153[ns]) 0217 values	***********************
[016] = (631153[ns]  - 631253[ns]) 0138 values	**************
[017] = (631253[ns]  - 631353[ns]) 0119 values	************
[018] = (631353[ns]  - 631453[ns]) 0107 values	***********
[019] = (631453[ns]  - 631553[ns]) 0073 values	*******
[020] = (631553[ns]  - 631653[ns]) 0075 values	********
[021] = (631653[ns]  - 631753[ns]) 0075 values	********
[022] = (631753[ns]  - 631853[ns]) 0042 values	****
[023] = (631853[ns]  - 631953[ns]) 0038 values	****
[024] = (631953[ns]  - 632053[ns]) 0018 values	*
[025] = (632053[ns]  - 632153[ns]) 0010 values	*
Running 10000 tests with 190 words for 0xA1102000
write statistics: min: 624602.0[ns], max: 715822.0[ns], mean 632740.0[ns], median 631473.0[ns], deviation: 4486.6[ns]
mean speed: 1.201[MB/s], top speed: 1.217[MB/s], min speed: 1.062[MB/s]
[001] = (624702[ns]  - 624802[ns]) 0033 values	*
[002] = (624802[ns]  - 624902[ns]) 0062 values	**
[003] = (624902[ns]  - 625002[ns]) 0105 values	****
[004] = (625002[ns]  - 625102[ns]) 0549 values	*********************
[005] = (625102[ns]  - 625202[ns]) 1110 values	*******************************************
[006] = (625202[ns]  - 625302[ns]) 1247 values	*************************************************
[007] = (625302[ns]  - 625402[ns]) 3794 values	******************************************************************************************************************************************************
[008] = (625402[ns]  - 625502[ns]) 1082 values	******************************************
[009] = (625502[ns]  - 625602[ns]) 0242 values	*********
[010] = (625602[ns]  - 625702[ns]) 0135 values	*****
[011] = (625702[ns]  - 625802[ns]) 0039 values	*
[013] = (625902[ns]  - 626002[ns]) 0050 values	*
[014] = (626002[ns]  - 626102[ns]) 0115 values	****
[015] = (626102[ns]  - 626202[ns]) 0144 values	*****
[016] = (626202[ns]  - 626302[ns]) 0274 values	**********
[017] = (626302[ns]  - 626402[ns]) 0180 values	*******
[018] = (626402[ns]  - 626502[ns]) 0123 values	****
[019] = (626502[ns]  - 626602[ns]) 0130 values	*****
[020] = (626602[ns]  - 626702[ns]) 0156 values	******
[021] = (626702[ns]  - 626802[ns]) 0157 values	******
[022] = (626802[ns]  - 626902[ns]) 0055 values	**
[023] = (626902[ns]  - 627002[ns]) 0068 values	**
[024] = (627002[ns]  - 627102[ns]) 0034 values	*
[025] = (627102[ns]  - 627202[ns]) 0026 values	*
